175
[ 2.50668717e-01  2.17443039e-01  4.16001689e-01  4.49228693e-01
 -1.91681751e-01 -1.89769716e-01 -1.43563417e-01 -1.41651423e-01
 -3.38633411e-01 -3.38476108e-01 -3.31336960e-01 -3.31952999e-01
 -3.32875995e-01 -3.32881634e-01 -3.33362711e-01 -3.33346195e-01
 -3.33249758e-01 -3.33253748e-01  5.14279083e-03  5.30008801e-03
 -1.99626433e-03 -1.38026287e-03 -4.57332660e-04 -4.51696311e-04
  1.28650214e-05  2.93836872e-05 -7.95852317e-05 -8.35745420e-05]
176
[ 2.48068740e-01  2.18676422e-01  4.18601423e-01  4.47994820e-01
 -1.92094023e-01 -1.90388227e-01 -1.42944925e-01 -1.41239172e-01
 -3.38644176e-01 -3.38511122e-01 -3.31382877e-01 -3.31928987e-01
 -3.32875562e-01 -3.32883113e-01 -3.33361570e-01 -3.33346274e-01
 -3.33249857e-01 -3.33253539e-01  5.17780226e-03  5.31085148e-03
 -1.95035698e-03 -1.40427874e-03 -4.57766459e-04 -4.50217608e-04
  1.29441401e-05  2.82422201e-05 -7.97942109e-05 -8.34756517e-05]
177
[ 2.45735166e-01  2.19498387e-01  4.20934786e-01  4.47172460e-01
 -1.92518631e-01 -1.90979904e-01 -1.42353265e-01 -1.40814580e-01
 -3.38657397e-01 -3.38544146e-01 -3.31420565e-01 -3.31909437e-01
 -3.32875352e-01 -3.32884302e-01 -3.33360536e-01 -3.33346280e-01
 -3.33249949e-01 -3.33253355e-01  5.21082477e-03  5.32407084e-03
 -1.91267709e-03 -1.42383198e-03 -4.57976846e-04 -4.49028248e-04
  1.29497244e-05  2.72080067e-05 -7.99780505e-05 -8.33841763e-05]
178
[ 2.43605584e-01  2.20023553e-01  4.23064183e-01  4.46646968e-01
 -1.92948913e-01 -1.91548742e-01 -1.41784440e-01 -1.40384311e-01
 -3.38672480e-01 -3.38575625e-01 -3.31452456e-01 -3.31893279e-01
 -3.32875302e-01 -3.32885243e-01 -3.33359582e-01 -3.33346237e-01
 -3.33250037e-01 -3.33253186e-01  5.24230212e-03  5.33915257e-03
 -1.88079298e-03 -1.43999274e-03 -4.58026525e-04 -4.48087323e-04
  1.29068791e-05  2.62535636e-05 -8.01472184e-05 -8.32963617e-05]
179
[ 2.20330169e-01  2.41636956e-01  4.25032651e-01  4.46340080e-01
 -1.93379830e-01 -1.92097205e-01 -1.41235989e-01 -1.39953405e-01
 -3.38688981e-01 -3.38605832e-01 -3.31480149e-01 -3.31879760e-01
 -3.32875368e-01 -3.32885974e-01 -3.33358689e-01 -3.33346165e-01
 -3.33250125e-01 -3.33253023e-01  5.27250770e-03  5.35565227e-03
 -1.85310551e-03 -1.45351439e-03 -4.57961434e-04 -4.47356252e-04
  1.28350670e-05  2.53608029e-05 -8.03098712e-05 -8.32082672e-05]
180
[ 2.20474003e-01  2.39799460e-01  4.26870006e-01  4.46196015e-01
 -1.93807329e-01 -1.92626714e-01 -1.40706492e-01 -1.39525916e-01
 -3.38706555e-01 -3.38634921e-01 -3.31504723e-01 -3.31868324e-01
 -3.32875511e-01 -3.32886532e-01 -3.33357844e-01 -3.33346081e-01
 -3.33250218e-01 -3.33252860e-01  5.30159657e-03  5.37322530e-03
 -1.82853580e-03 -1.46495234e-03 -4.57817777e-04 -4.46798748e-04
  1.27509484e-05  2.45155152e-05 -8.04731218e-05 -8.31155745e-05]
181
[ 2.20496408e-01  2.38072528e-01  4.28596814e-01  4.46173413e-01
 -1.94227952e-01 -1.93137931e-01 -1.40195283e-01 -1.39105300e-01
 -3.38724928e-01 -3.38662959e-01 -3.31526923e-01 -3.31858545e-01
 -3.32875701e-01 -3.32886952e-01 -3.33357033e-01 -3.33346000e-01
 -3.33250319e-01 -3.33252690e-01  5.32963293e-03  5.39159782e-03
 -1.80634015e-03 -1.47473287e-03 -4.57628343e-04 -4.46378895e-04
  1.26703755e-05  2.37038504e-05 -8.30138384e-05 -8.06432358e-05]
182
[ 4.30226972e-01  4.46240477e-01  2.20429173e-01  2.36442260e-01
 -1.94638564e-01 -1.93630945e-01 -1.39702277e-01 -1.38694694e-01
 -3.38743865e-01 -3.38689947e-01 -3.31547268e-01 -3.31850087e-01
 -3.32875903e-01 -3.32887273e-01 -3.33356240e-01 -3.33345939e-01
 -3.33250434e-01 -3.33252508e-01  5.35662037e-03  5.41053392e-03
 -1.78599823e-03 -1.48319296e-03 -4.57426636e-04 -4.46057112e-04
  1.26087972e-05  2.29112919e-05 -8.28994905e-05 -8.08254827e-05]
183
[ 4.31769428e-01  4.46371878e-01  2.34899708e-01  2.20297625e-01
 -1.95036203e-01 -1.94105309e-01 -1.39227921e-01 -1.38297061e-01
 -3.38763141e-01 -3.38715854e-01 -3.31566122e-01 -3.31842680e-01
 -3.32876090e-01 -3.32887532e-01 -3.33355454e-01 -3.33345908e-01
 -3.33252312e-01 -3.33250560e-01  5.38252670e-03  5.42980963e-03
 -1.76714718e-03 -1.49060148e-03 -4.57240066e-04 -4.45798413e-04
  1.25779627e-05  2.21253592e-05 -8.10209534e-05 -8.27731091e-05]
184
[ 4.33229639e-01  4.46546725e-01  2.33439412e-01  2.20122648e-01
 -1.95418215e-01 -1.94560027e-01 -1.38773210e-01 -1.37915054e-01
 -3.38782529e-01 -3.38740631e-01 -3.31583737e-01 -3.31836107e-01
 -3.32876239e-01 -3.32887761e-01 -3.33354665e-01 -3.33345915e-01
 -3.33252109e-01 -3.33250691e-01  5.40730309e-03  5.44919768e-03
 -1.74953427e-03 -1.49717547e-03 -4.45569409e-04 -4.57090263e-04
  1.25848698e-05  2.13361758e-05 -8.26421903e-05 -8.12238885e-05]
185
[ 4.34612448e-01  4.46745314e-01  2.32056527e-01  2.19923946e-01
 -1.94993337e-01 -1.95782903e-01 -1.37550369e-01 -1.38339905e-01
 -3.38801683e-01 -3.38764337e-01 -3.31600269e-01 -3.31830207e-01
 -3.32876335e-01 -3.32887987e-01 -3.33353900e-01 -3.33345936e-01
 -3.33251924e-01 -3.33250803e-01  5.43100902e-03  5.46835128e-03
 -1.73300429e-03 -1.50307616e-03 -4.45343782e-04 -4.56994581e-04
  2.05706976e-05  1.26060023e-05 -8.25303755e-05 -8.14094246e-05]
186
[ 2.30748937e-01  2.19715470e-01  4.46953689e-01  4.35919972e-01
 -1.37205403e-01 -1.37928870e-01 -1.95404378e-01 -1.96127871e-01
  5.48708519e-03  5.45355571e-03 -1.71741283e-03 -1.50847111e-03
 -4.45167053e-04 -4.56901858e-04  1.98249836e-05  1.26471841e-05
 -8.24397968e-05 -8.15762879e-05 -3.38786884e-01 -3.38820417e-01
 -3.31615863e-01 -3.31824813e-01 -3.32876428e-01 -3.32888163e-01
 -3.33345977e-01 -3.33353154e-01 -3.33251757e-01 -3.33250893e-01]
187
[ 2.29512895e-01  2.19511999e-01  4.47157072e-01  4.37155956e-01
 -1.36881179e-01 -1.37541612e-01 -1.95791640e-01 -1.96452098e-01
  5.50506284e-03  5.47500941e-03 -1.70268467e-03 -1.51348404e-03
 -4.56769129e-04 -4.45071023e-04  1.91290697e-05  1.26834299e-05
 -8.17062735e-05 -8.23868511e-05 -3.38808339e-01 -3.38838395e-01
 -3.31630593e-01 -3.31819801e-01 -3.32876561e-01 -3.32888259e-01
 -3.33346013e-01 -3.33352458e-01 -3.33251627e-01 -3.33250946e-01]
188
[ 4.47343974e-01  4.38323329e-01  2.28345470e-01  2.19325020e-01
 -1.96154270e-01 -1.96754326e-01 -1.36578952e-01 -1.37178987e-01
 -3.38828693e-01 -3.38855369e-01 -3.31644529e-01 -3.31815045e-01
 -3.32876761e-01 -3.32888245e-01 -3.33346038e-01 -3.33351827e-01
 -3.33251527e-01 -3.33250971e-01  5.52203691e-03  5.49536299e-03
 -1.68874973e-03 -1.51824056e-03 -4.56568507e-04 -4.45085938e-04
  1.84982994e-05  1.27087583e-05 -8.23625322e-05 -8.18060701e-05]
189
[ 4.47506370e-01  4.39422376e-01  2.27246378e-01  2.19162555e-01
 -1.96491309e-01 -1.97033253e-01 -1.36300028e-01 -1.36841952e-01
 -3.38847773e-01 -3.38871269e-01 -3.31657727e-01 -3.31810436e-01
 -3.32877062e-01 -3.32888093e-01 -3.33346065e-01 -3.33351254e-01
 -3.33251446e-01 -3.33250979e-01  5.53793628e-03  5.51444341e-03
 -1.67555340e-03 -1.52285042e-03 -4.56268304e-04 -4.45237334e-04
  1.79251081e-05  1.27355518e-05 -8.23539233e-05 -8.18873111e-05]
190
[ 4.47637060e-01  4.40453321e-01  2.26215394e-01  2.19031805e-01
 -1.96801937e-01 -1.97287446e-01 -1.36045836e-01 -1.36531327e-01
 -3.38865486e-01 -3.38885955e-01 -3.31670232e-01 -3.31805872e-01
 -3.32877449e-01 -3.32887822e-01 -3.33346100e-01 -3.33350731e-01
 -3.33251378e-01 -3.33250978e-01  5.55262230e-03  5.53215588e-03
 -1.66304925e-03 -1.52741441e-03 -4.55881448e-04 -4.45508378e-04
  1.74013146e-05  1.27704730e-05 -8.23550721e-05 -8.19556953e-05]
191
[ 4.47730243e-01  4.41415454e-01  2.25253229e-01  2.18938568e-01
 -1.97085332e-01 -1.97515444e-01 -1.35817839e-01 -1.36247936e-01
 -3.38881688e-01 -3.38899352e-01 -3.31801270e-01 -3.31682079e-01
 -3.32877890e-01 -3.32887471e-01 -3.33346152e-01 -3.33350245e-01
 -3.33251320e-01 -3.33250971e-01  5.56601950e-03  5.54835718e-03
 -1.65120374e-03 -1.53201748e-03 -4.55440650e-04 -4.45859006e-04
  1.69160996e-05  1.28220630e-05 -8.23625494e-05 -8.20133362e-05]
192
[ 4.47780483e-01  4.42308467e-01  2.24360188e-01  2.18888282e-01
 -1.97340576e-01 -1.97716136e-01 -1.35617148e-01 -1.35992695e-01
 -3.38896296e-01 -3.38911340e-01 -3.31796554e-01 -3.31693296e-01
 -3.32878391e-01 -3.32887041e-01 -3.33346224e-01 -3.33349793e-01
 -3.33251268e-01 -3.33250963e-01  5.57800717e-03  5.56296489e-03
 -1.63998754e-03 -1.53673388e-03 -4.54939010e-04 -4.46289635e-04
  1.64638293e-05  1.28942566e-05 -8.23698337e-05 -8.20652523e-05]125
[ 3.46869386e-01  3.19797553e-01 -2.15933920e-01 -2.12874900e-01
 -1.62936476e-01 -1.70397216e-01 -1.17400423e-01 -1.20459062e-01
 -3.41548377e-01 -3.39896607e-01 -3.35705194e-01 -3.35481397e-01
 -3.32722289e-01 -3.32749098e-01 -3.33345626e-01 -3.33341171e-01
 -3.33249952e-01 -3.33243212e-01  8.21496344e-03  6.56323308e-03
  2.14801461e-03  2.37180147e-03 -5.84236601e-04 -6.11044856e-04
 -9.01215173e-05 -8.33810274e-05  7.83780061e-06  1.22927673e-05]
126
[ 3.46323518e-01  3.20343417e-01 -2.16441076e-01 -2.12642728e-01
 -1.63423724e-01 -1.69909950e-01 -1.16893308e-01 -1.20691237e-01
 -3.41527846e-01 -3.39880378e-01 -3.35696797e-01 -3.35470397e-01
 -3.32723107e-01 -3.32752035e-01 -3.33345958e-01 -3.33340961e-01
 -3.33250206e-01 -3.33243001e-01  8.19443095e-03  6.54700419e-03
  2.13701370e-03  2.36340356e-03 -5.81299652e-04 -6.10226452e-04
 -9.03321211e-05 -8.31273177e-05  7.62769881e-06  1.26243049e-05]
127
[ 3.45853746e-01  3.20813185e-01 -2.16967315e-01 -2.12438745e-01
 -1.63917228e-01 -1.69416431e-01 -1.16367106e-01 -1.20895229e-01
 -3.41505914e-01 -3.39869731e-01 -3.35688896e-01 -3.35459327e-01
 -3.32723772e-01 -3.32755249e-01 -3.33346399e-01 -3.33340601e-01
 -3.33250616e-01 -3.33242589e-01  8.17249659e-03  6.53635651e-03
  2.12594411e-03  2.35550280e-03 -5.78085947e-04 -6.09560868e-04
 -9.07437904e-05 -8.27169378e-05  7.26713727e-06  1.30654002e-05]
128
[ 3.45460177e-01  3.21206748e-01 -2.17475966e-01 -2.12257029e-01
 -1.15858484e-01 -1.21076960e-01 -1.64310728e-01 -1.69022923e-01
 -3.41477270e-01 -3.39867650e-01 -3.35681581e-01 -3.35448158e-01
 -3.32724723e-01 -3.32758313e-01 -3.33346908e-01 -3.33340089e-01
 -3.33251307e-01 -3.33241860e-01  8.14385216e-03  6.53427394e-03
  2.11477482e-03  2.34818752e-03 -5.75021778e-04 -6.08610377e-04
 -9.14729003e-05 -8.20260501e-05  6.75577897e-06  1.35741450e-05]
129
[ 3.44972929e-01  3.21693992e-01 -2.18014605e-01 -2.12089353e-01
 -1.64495247e-01 -1.68838398e-01 -1.15319867e-01 -1.21244654e-01
 -3.41460551e-01 -3.39861209e-01 -3.35674038e-01 -3.35437672e-01
 -3.32727095e-01 -3.32760163e-01 -3.33347037e-01 -3.33339939e-01
 -3.33251657e-01 -3.33241526e-01  8.12713129e-03  6.52783243e-03
  2.10428857e-03  2.34064503e-03 -5.73171478e-04 -6.06238766e-04
 -9.18073047e-05 -8.16762669e-05  6.60575510e-06  1.37039186e-05]
130
[ 3.44466325e-01  3.22200592e-01 -2.18582467e-01 -2.11959712e-01
 -1.64629356e-01 -1.68704289e-01 -1.14752019e-01 -1.21374319e-01
 -3.41451240e-01 -3.39853961e-01 -3.35666544e-01 -3.35427497e-01
 -3.32729723e-01 -3.32761882e-01 -3.33347042e-01 -3.33339896e-01
 -3.33251829e-01 -3.33241381e-01  8.11781868e-03  6.52058259e-03
  2.09411406e-03  2.33315123e-03 -5.71452096e-04 -6.03610683e-04
 -9.19520821e-05 -8.15039938e-05  1.37081285e-05  6.56273041e-06]
131
[ 3.43974902e-01  3.22692012e-01 -2.19175177e-01 -2.11873267e-01
 -1.64761268e-01 -1.68572375e-01 -1.14159325e-01 -1.21460790e-01
 -3.41446826e-01 -3.39847579e-01 -3.35659262e-01 -3.35417453e-01
 -3.32732272e-01 -3.32763763e-01 -3.33347023e-01 -3.33339846e-01
 -3.33251917e-01 -3.33241314e-01  8.11340259e-03  6.51419919e-03
  2.08406991e-03  2.32586870e-03 -5.69571620e-04 -6.01061547e-04
 -9.20195522e-05 -8.14161689e-05  1.36893524e-05  6.51249509e-06]
132
[ 3.43512990e-01  3.23153919e-01 -2.19789018e-01 -2.11829505e-01
 -1.64895556e-01 -1.68438083e-01 -1.13545503e-01 -1.21504579e-01
 -3.41445991e-01 -3.39842824e-01 -3.35652283e-01 -3.35407454e-01
 -3.32734696e-01 -3.32765840e-01 -3.33346998e-01 -3.33339766e-01
 -3.33251966e-01 -3.33241272e-01  8.11256532e-03  6.50944274e-03
  2.07407079e-03  2.31888902e-03 -5.67494459e-04 -5.98637938e-04
 -9.20611589e-05 -8.13664899e-05  1.36649233e-05  6.43220740e-06]
133
[ 3.43081347e-01  3.23585558e-01 -2.20420706e-01 -2.11825345e-01
 -1.65020190e-01 -1.68313443e-01 -1.12913836e-01 -1.21508766e-01
 -3.41447893e-01 -3.39840111e-01 -3.35645629e-01 -3.35397454e-01
 -3.32737062e-01 -3.32768042e-01 -3.33346967e-01 -3.33339649e-01
 -3.33252012e-01 -3.33241208e-01  8.11446553e-03  6.50672838e-03
  2.31223517e-03  2.06407085e-03 -5.65292726e-04 -5.96272543e-04
 -9.21249327e-05 -8.13206718e-05  1.36333954e-05  6.31566465e-06]
134
[ 3.42680029e-01  3.23986871e-01 -2.21069945e-01 -2.11858163e-01
 -1.68206544e-01 -1.65127083e-01 -1.12264621e-01 -1.21475976e-01
 -3.41452358e-01 -3.39839457e-01 -3.35639312e-01 -3.35387421e-01
 -3.32739374e-01 -3.32770347e-01 -3.33346932e-01 -3.33339490e-01
 -3.33252045e-01 -3.33241126e-01  8.11892841e-03  6.50607400e-03
  2.30591837e-03  2.05403758e-03 -5.62986804e-04 -5.93960223e-04
 -9.22070881e-05 -8.12880042e-05  1.35984397e-05  6.15608778e-06]
135
[ 3.42305565e-01  3.24361329e-01 -1.11599883e-01 -1.21408526e-01
 -1.65205780e-01 -1.68127844e-01 -2.21734707e-01 -2.11925642e-01
 -3.41459237e-01 -3.39840757e-01 -3.35633369e-01 -3.35377308e-01
 -3.32741702e-01 -3.32772688e-01 -3.33346865e-01 -3.33339308e-01
 -3.33252062e-01 -3.33241035e-01  8.12580520e-03  6.50737232e-03
  2.29997477e-03  2.04392347e-03 -5.60645840e-04 -5.91632465e-04
 -9.22977070e-05 -8.12711641e-05  1.35318475e-05  5.97422171e-06]
136
[ 3.41961091e-01  3.24705797e-01 -1.10916813e-01 -1.21308240e-01
 -2.22417804e-01 -2.12025956e-01 -1.68076024e-01 -1.65257596e-01
 -3.41468673e-01 -3.39843865e-01 -3.35627775e-01 -3.35367096e-01
 -3.32743972e-01 -3.32775101e-01 -3.33346806e-01 -3.33339074e-01
 -3.33252082e-01 -3.33240924e-01  8.13523798e-03  6.51047906e-03
  2.29438010e-03  2.03371159e-03 -5.58232788e-04 -5.89362872e-04
 -9.24095413e-05 -8.12514656e-05  1.34719344e-05  5.74016235e-06]
137
[ 3.41642725e-01  3.25024156e-01 -1.10216841e-01 -1.21177265e-01
 -2.23117808e-01 -2.12156959e-01 -1.68053248e-01 -1.65280368e-01
 -3.41480585e-01 -3.39848682e-01 -3.35622577e-01 -3.35356714e-01
 -3.32746199e-01 -3.32777557e-01 -3.33346742e-01 -3.33338792e-01
 -3.33252090e-01 -3.33240806e-01  8.14714753e-03  6.51529476e-03
  2.28918248e-03  2.02332884e-03 -5.55777309e-04 -5.87135192e-04
 -9.25272443e-05 -8.12427318e-05  1.34078127e-05  5.45801546e-06]
138
[ 3.41347571e-01  3.25319303e-01 -1.09498040e-01 -1.21018929e-01
 -2.23836641e-01 -2.12315326e-01 -1.68059581e-01 -1.65274032e-01
 -3.41495080e-01 -3.39855081e-01 -3.35617744e-01 -3.35346172e-01
 -3.32748439e-01 -3.32780005e-01 -3.33346625e-01 -3.33338495e-01
 -3.33252083e-01 -3.33240666e-01  8.16164026e-03  6.52169252e-03
  2.28434822e-03  2.01278689e-03 -5.53329676e-04 -5.84895720e-04
 -9.26669715e-05 -8.12495905e-05  5.16096243e-06  1.32912085e-05]
139
[ 3.41075899e-01  3.25590968e-01 -1.08755586e-01 -1.20836997e-01
 -2.24579129e-01 -2.12497289e-01 -1.68089831e-01 -1.65243781e-01
 -3.41512638e-01 -3.39862742e-01 -3.35613336e-01 -3.35335382e-01
 -3.32750760e-01 -3.32782365e-01 -3.33346465e-01 -3.33338190e-01
 -3.33252092e-01 -3.33240485e-01  8.17919466e-03  6.52935209e-03
  2.27994000e-03  2.00199622e-03 -5.50968930e-04 -5.82574967e-04
 -9.28482398e-05 -8.12411651e-05  4.85640333e-06  1.31315268e-05]
140
[ 3.40824364e-01  3.25842496e-01 -1.07993877e-01 -1.20631016e-01
 -2.25340874e-01 -2.12703302e-01 -1.68129218e-01 -1.65204393e-01
 -3.41532751e-01 -3.39871820e-01 -3.35609414e-01 -3.35324280e-01
 -3.32753021e-01 -3.32784748e-01 -3.33346281e-01 -3.33337856e-01
 -3.33252072e-01 -3.33240324e-01  8.19930413e-03  6.53842866e-03
  2.27601793e-03  1.99089329e-03 -5.48586185e-04 -5.80313465e-04
 -9.30087291e-05 -8.12610294e-05  4.52185463e-06  1.29471950e-05]
141
[ 3.40593487e-01  3.26073365e-01 -2.26124968e-01 -2.12930368e-01
 -1.07209821e-01 -1.20403985e-01 -1.68174003e-01 -1.65159609e-01
 -3.41555632e-01 -3.39882199e-01 -3.35606006e-01 -3.35312827e-01
 -3.32755232e-01 -3.32787133e-01 -3.33346075e-01 -3.33337482e-01
 -3.33252042e-01 -3.33240149e-01  8.22218080e-03  6.54880598e-03
  2.27260862e-03  1.97944000e-03 -5.46201102e-04 -5.78102649e-04
 -9.31845637e-05 -8.12910392e-05  4.14810803e-06  1.27406868e-05]
142
[ 3.40383702e-01  3.26283140e-01 -2.26933526e-01 -2.13176250e-01
 -1.06401306e-01 -1.20158139e-01 -1.65110867e-01 -1.68222747e-01
 -3.41581537e-01 -3.39893715e-01 -3.35603153e-01 -3.35300971e-01
 -3.32757386e-01 -3.32789517e-01 -3.33345841e-01 -3.33337075e-01
 -3.33252006e-01 -3.33239953e-01  8.24808264e-03  6.56032027e-03
  2.26975520e-03  1.96758349e-03 -5.43817422e-04 -5.75949204e-04
 -9.33806651e-05 -8.13267938e-05  3.74070482e-06  1.25069239e-05]50
[ 3.39529372e-01  3.27137395e-01 -1.00882766e-01 -1.18465684e-01
 -2.32452426e-01 -2.14868973e-01 -1.68501538e-01 -1.64832110e-01
 -3.41810315e-01 -3.39982835e-01 -3.35600583e-01 -3.35218664e-01
 -3.32769225e-01 -3.32803003e-01 -3.33343388e-01 -3.33334279e-01
 -3.33251421e-01 -3.33238693e-01  8.47682475e-03  6.64942589e-03
  2.26717870e-03  1.88527045e-03 -5.30331553e-04 -5.64109964e-04
 -9.46399457e-05 -8.19116495e-05  1.00538601e-05  9.44586950e-07]
51
[ 3.39624492e-01  3.27042290e-01 -1.01899262e-01 -1.18756612e-01
 -2.31435852e-01 -2.14577993e-01 -1.68455645e-01 -1.64877994e-01
 -3.41762132e-01 -3.39966021e-01 -3.35598915e-01 -3.35234027e-01
 -3.32767432e-01 -3.32800852e-01 -3.33343918e-01 -3.33334794e-01
 -3.33251572e-01 -3.33238897e-01  8.42864937e-03  6.63261437e-03
  2.26551164e-03  1.90063425e-03 -5.32482667e-04 -5.65902924e-04
 -9.44367272e-05 -8.17608977e-05  1.05838558e-05  1.45971493e-06]
52
[ 3.39740236e-01  3.26926560e-01 -1.02872406e-01 -1.19047264e-01
 -2.30462639e-01 -2.14287293e-01 -1.68410668e-01 -1.64922964e-01
 -3.41718600e-01 -3.39949734e-01 -3.35598192e-01 -3.35248657e-01
 -3.32765551e-01 -3.32798667e-01 -3.33344408e-01 -3.33335281e-01
 -3.33251698e-01 -3.33239109e-01  8.38512417e-03  6.61633016e-03
  2.26479027e-03  1.91526591e-03 -5.34667681e-04 -5.67783973e-04
 -9.42239167e-05 -8.16352471e-05  1.94668369e-06  1.10742654e-05]
53
[ 3.39872872e-01  3.26793937e-01 -1.03804156e-01 -1.19338027e-01
 -2.29530827e-01 -2.13996484e-01 -1.68366318e-01 -1.64967308e-01
 -3.41678970e-01 -3.39934344e-01 -3.35598331e-01 -3.35262595e-01
 -3.32763602e-01 -3.32796430e-01 -3.33344846e-01 -3.33335751e-01
 -3.33251805e-01 -3.33239324e-01  8.34550084e-03  6.60094228e-03
  2.26493041e-03  1.92920490e-03 -5.36904929e-04 -5.69732794e-04
 -9.40091859e-05 -8.15278949e-05  2.41703326e-06  1.15119810e-05]
54
[ 3.40023991e-01  3.26642830e-01 -1.04700691e-01 -1.19622348e-01
 -2.28634238e-01 -2.13712119e-01 -1.68320046e-01 -1.65013575e-01
 -3.41643094e-01 -3.39919812e-01 -3.35599263e-01 -3.35275903e-01
 -3.32761580e-01 -3.32794165e-01 -3.33345235e-01 -3.33336202e-01
 -3.33251895e-01 -3.33239534e-01  8.30962969e-03  6.58641305e-03
  2.26586316e-03  1.94251345e-03 -5.39169379e-04 -5.71754614e-04
 -9.37993543e-05 -8.14382633e-05  2.86848544e-06  1.19013601e-05]
55
[ 3.40194243e-01  3.26472590e-01 -1.05565839e-01 -1.19896408e-01
 -2.27769039e-01 -2.13438019e-01 -1.68271942e-01 -1.65061675e-01
 -3.41610676e-01 -3.39906245e-01 -3.35600893e-01 -3.35288676e-01
 -3.32759502e-01 -3.32791865e-01 -3.33345566e-01 -3.33336645e-01
 -3.33251960e-01 -3.33239745e-01  8.27721671e-03  6.57284837e-03
  2.26749416e-03  1.95528706e-03 -5.41469036e-04 -5.73832562e-04
 -9.35883116e-05 -8.13733182e-05  3.31065393e-06  1.22322001e-05]
56
[ 3.40383702e-01  3.26283140e-01 -1.06401306e-01 -1.20158139e-01
 -2.26933526e-01 -2.13176250e-01 -1.68222747e-01 -1.65110867e-01
 -3.41581537e-01 -3.39893715e-01 -3.35603153e-01 -3.35300971e-01
 -3.32757386e-01 -3.32789517e-01 -3.33345841e-01 -3.33337075e-01
 -3.33252006e-01 -3.33239953e-01  8.24808264e-03  6.56032027e-03
  2.26975520e-03  1.96758349e-03 -5.43817422e-04 -5.75949204e-04
 -9.33806651e-05 -8.13267938e-05  3.74070481e-06  1.25069239e-05]
57
[ 3.40593487e-01  3.26073365e-01 -1.07209821e-01 -1.20403985e-01
 -2.26124968e-01 -2.12930368e-01 -1.68174003e-01 -1.65159609e-01
 -3.41555632e-01 -3.39882199e-01 -3.35606006e-01 -3.35312827e-01
 -3.32755232e-01 -3.32787133e-01 -3.33346075e-01 -3.33337482e-01
 -3.33252042e-01 -3.33240149e-01  8.22218080e-03  6.54880598e-03
  2.27260862e-03  1.97944000e-03 -5.46201102e-04 -5.78102649e-04
 -9.31845637e-05 -8.12910392e-05  4.14810804e-06  1.27406868e-05]
58
[ 3.40824364e-01  3.25842496e-01 -1.07993877e-01 -1.20631016e-01
 -2.25340874e-01 -2.12703302e-01 -1.68129218e-01 -1.65204393e-01
 -3.41532751e-01 -3.39871820e-01 -3.35609414e-01 -3.35324280e-01
 -3.32753021e-01 -3.32784748e-01 -3.33346281e-01 -3.33337856e-01
 -3.33252072e-01 -3.33240324e-01  8.19930413e-03  6.53842866e-03
  2.27601793e-03  1.99089329e-03 -5.48586185e-04 -5.80313465e-04
 -9.30087291e-05 -8.12610294e-05  4.52185462e-06  1.29471950e-05]
59
[ 3.41075899e-01  3.25590968e-01 -1.08755586e-01 -1.20836997e-01
 -2.24579129e-01 -2.12497289e-01 -1.68089831e-01 -1.65243781e-01
 -3.41512638e-01 -3.39862742e-01 -3.35613336e-01 -3.35335382e-01
 -3.32750760e-01 -3.32782365e-01 -3.33346465e-01 -3.33338190e-01
 -3.33252092e-01 -3.33240485e-01  8.17919466e-03  6.52935209e-03
  2.27994000e-03  2.00199622e-03 -5.50968930e-04 -5.82574967e-04
 -9.28482398e-05 -8.12411651e-05  1.31315268e-05  4.85640334e-06]
60
[ 3.41347571e-01  3.25319303e-01 -1.09498040e-01 -1.21018929e-01
 -2.23836641e-01 -2.12315326e-01 -1.68059581e-01 -1.65274032e-01
 -3.41495080e-01 -3.39855081e-01 -3.35617744e-01 -3.35346172e-01
 -3.32748439e-01 -3.32780005e-01 -3.33346625e-01 -3.33338495e-01
 -3.33252083e-01 -3.33240666e-01  8.16164026e-03  6.52169252e-03
  2.28434822e-03  2.01278689e-03 -5.53329676e-04 -5.84895720e-04
 -9.26669715e-05 -8.12495905e-05  1.32912085e-05  5.16096243e-06]
61
[ 3.41642725e-01  3.25024156e-01 -1.10216841e-01 -1.21177265e-01
 -2.23117808e-01 -2.12156959e-01 -1.68053248e-01 -1.65280368e-01
 -3.41480585e-01 -3.39848682e-01 -3.35622577e-01 -3.35356714e-01
 -3.32746199e-01 -3.32777557e-01 -3.33346742e-01 -3.33338792e-01
 -3.33252090e-01 -3.33240806e-01  8.14714753e-03  6.51529476e-03
  2.28918248e-03  2.02332884e-03 -5.55777309e-04 -5.87135192e-04
 -9.25272443e-05 -8.12427318e-05  1.34078127e-05  5.45801546e-06]
62
[ 3.41961091e-01  3.24705797e-01 -1.10916813e-01 -1.21308240e-01
 -2.22417804e-01 -2.12025956e-01 -1.68076024e-01 -1.65257596e-01
 -3.41468673e-01 -3.39843865e-01 -3.35627775e-01 -3.35367096e-01
 -3.32743972e-01 -3.32775101e-01 -3.33346806e-01 -3.33339074e-01
 -3.33252082e-01 -3.33240924e-01  8.13523798e-03  6.51047906e-03
  2.29438010e-03  2.03371159e-03 -5.58232788e-04 -5.89362872e-04
 -9.24095413e-05 -8.12514656e-05  1.34719344e-05  5.74016236e-06]
63
[ 3.42305565e-01  3.24361329e-01 -1.11599883e-01 -1.21408526e-01
 -2.21734707e-01 -2.11925642e-01 -1.68127844e-01 -1.65205780e-01
 -3.41459237e-01 -3.39840757e-01 -3.35633369e-01 -3.35377308e-01
 -3.32741702e-01 -3.32772688e-01 -3.33346865e-01 -3.33339308e-01
 -3.33252062e-01 -3.33241035e-01  8.12580520e-03  6.50737232e-03
  2.04392347e-03  2.29997477e-03 -5.60645840e-04 -5.91632465e-04
 -9.22977070e-05 -8.12711641e-05  1.35318475e-05  5.97422171e-06]
64
[ 3.42680029e-01  3.23986871e-01 -1.12264621e-01 -1.21475976e-01
 -2.21069945e-01 -2.11858163e-01 -1.68206544e-01 -1.65127083e-01
 -3.41452358e-01 -3.39839457e-01 -3.35639312e-01 -3.35387421e-01
 -3.32739374e-01 -3.32770347e-01 -3.33346932e-01 -3.33339490e-01
 -3.33252045e-01 -3.33241126e-01  8.11892841e-03  6.50607400e-03
  2.05403758e-03  2.30591837e-03 -5.62986804e-04 -5.93960223e-04
 -9.22070881e-05 -8.12880042e-05  1.35984397e-05  6.15608779e-06]
65
[ 3.43081347e-01  3.23585558e-01 -2.20420706e-01 -2.11825345e-01
 -1.65020190e-01 -1.68313443e-01 -1.12913836e-01 -1.21508766e-01
 -3.41447893e-01 -3.39840111e-01 -3.35645629e-01 -3.35397454e-01
 -3.32737062e-01 -3.32768042e-01 -3.33346967e-01 -3.33339649e-01
 -3.33252012e-01 -3.33241208e-01  8.11446553e-03  6.50672838e-03
  2.06407085e-03  2.31223517e-03 -5.65292726e-04 -5.96272543e-04
 -9.21249327e-05 -8.13206718e-05  1.36333954e-05  6.31566465e-06]
66
[ 3.43512990e-01  3.23153919e-01 -2.19789018e-01 -2.11829505e-01
 -1.64895556e-01 -1.68438083e-01 -1.13545503e-01 -1.21504579e-01
 -3.41445991e-01 -3.39842824e-01 -3.35652283e-01 -3.35407454e-01
 -3.32734696e-01 -3.32765840e-01 -3.33346998e-01 -3.33339766e-01
 -3.33251966e-01 -3.33241272e-01  8.11256532e-03  6.50944274e-03
  2.07407079e-03  2.31888902e-03 -5.67494459e-04 -5.98637938e-04
 -9.20611589e-05 -8.13664898e-05  1.36649233e-05  6.43220740e-06]
67
[ 3.43974902e-01  3.22692012e-01 -2.19175177e-01 -2.11873267e-01
 -1.64761268e-01 -1.68572375e-01 -1.14159325e-01 -1.21460790e-01
 -3.41446826e-01 -3.39847579e-01 -3.35659262e-01 -3.35417453e-01
 -3.32732272e-01 -3.32763763e-01 -3.33347023e-01 -3.33339846e-01
 -3.33251917e-01 -3.33241314e-01  8.11340259e-03  6.51419919e-03
  2.08406991e-03  2.32586870e-03 -5.69571620e-04 -6.01061548e-04
 -9.20195522e-05 -8.14161689e-05  6.51249509e-06  1.36893524e-05]100
[ 3.45031544e-01  3.21635383e-01 -2.20684256e-01 -2.12657855e-01
 -1.70953092e-01 -1.62380767e-01 -1.20676116e-01 -1.12649599e-01
 -3.41650276e-01 -3.42002633e-01 -3.35793579e-01 -3.35863007e-01
 -3.32710848e-01 -3.32710330e-01 -3.33245526e-01 -3.33245148e-01
 -3.33340694e-01 -3.33340412e-01  8.66924701e-03  8.31689353e-03
  2.52961663e-03  2.46018925e-03 -6.22485000e-04 -6.23003893e-04
  7.07906820e-06  7.36118499e-06 -8.81852096e-05 -8.78067158e-05]
101
[ 3.54011700e-01  3.12655226e-01 -2.24413380e-01 -2.10188197e-01
 -1.74095182e-01 -1.59238696e-01 -1.23145807e-01 -1.08920420e-01
 -3.41486359e-01 -3.42143163e-01 -3.35762409e-01 -3.35886742e-01
 -3.32710791e-01 -3.32711598e-01 -3.33245688e-01 -3.33244938e-01
 -3.33340838e-01 -3.33340327e-01  8.80977528e-03  8.15297844e-03
  2.55335139e-03  2.42901934e-03 -6.21735707e-04 -6.22542897e-04
  6.99393725e-06  7.50528978e-06 -8.83948780e-05 -8.76451147e-05]
102
[ 3.59710393e-01  3.06956534e-01 -2.26891738e-01 -2.08745463e-01
 -1.76020441e-01 -1.57313457e-01 -1.24588559e-01 -1.06442023e-01
 -3.41342693e-01 -3.42235976e-01 -3.35738484e-01 -3.35899845e-01
 -3.32711381e-01 -3.32712339e-01 -3.33245832e-01 -3.33244741e-01
 -3.33340958e-01 -3.33340299e-01  8.90258760e-03  8.00931381e-03
  2.56645463e-03  2.40509440e-03 -6.20993891e-04 -6.21952420e-04
  6.96603796e-06  7.62437654e-06 -8.85920941e-05 -8.75009214e-05]
103
[ 3.62857834e-01  3.03809095e-01 -2.28179582e-01 -1.77118704e-01
 -1.56215207e-01 -2.07955039e-01 -1.25378994e-01 -1.05154153e-01
 -3.41217146e-01 -3.42283615e-01 -3.35904746e-01 -3.35720477e-01
 -3.32711881e-01 -3.32713066e-01 -3.33245971e-01 -3.33244559e-01
 -3.33341053e-01 -3.33340323e-01  8.95022586e-03  7.88376790e-03
  2.57135588e-03  2.38708728e-03 -6.20267604e-04 -6.21452857e-04
  6.98994735e-06  7.71939419e-06 -8.87736361e-05 -8.73615655e-05]
104
[ 3.64306711e-01  3.02360219e-01 -1.04753011e-01 -1.25775112e-01
 -1.55621471e-01 -1.77712447e-01 -2.28580709e-01 -2.07558931e-01
 -3.42296280e-01 -3.41105608e-01 -3.35904073e-01 -3.35706420e-01
 -3.32712237e-01 -3.32713823e-01 -3.33246115e-01 -3.33244395e-01
 -3.33341131e-01 -3.33340389e-01  8.96289007e-03  7.77223101e-03
  2.57068185e-03  2.37303111e-03 -6.19510264e-04 -6.21096900e-04
  7.05610845e-06  7.79775259e-06 -8.89375776e-05 -8.72182912e-05]
105
[ 3.64684312e-01  3.01982622e-01 -2.28381889e-01 -1.77992682e-01
 -1.55341238e-01 -1.25924740e-01 -1.04951822e-01 -2.07409313e-01
 -3.42284441e-01 -3.41004420e-01 -3.35899758e-01 -3.35694757e-01
 -3.32712464e-01 -3.32714649e-01 -3.33246266e-01 -3.33244250e-01
 -3.33341202e-01 -3.33340487e-01  8.95104991e-03  7.67104432e-03
  2.56636714e-03  2.36136873e-03 -6.18684587e-04 -6.20869467e-04
  7.15344021e-06  7.86884543e-06 -8.90832148e-05 -8.70664433e-05]
106
[ 3.64400242e-01  3.02266694e-01 -1.05537630e-01 -1.25911293e-01
 -1.55267187e-01 -1.78066731e-01 -2.27796075e-01 -2.07422771e-01
 -3.42256482e-01 -3.40910877e-01 -3.35893086e-01 -3.35684428e-01
 -3.32712593e-01 -3.32715567e-01 -3.33246429e-01 -3.33244123e-01
 -3.33341278e-01 -3.33340602e-01  8.92309047e-03  7.57750137e-03
  2.55969495e-03  2.35104017e-03 -6.17765924e-04 -6.20740866e-04
  7.26901984e-06  7.94465462e-06 -8.92102102e-05 -8.69043001e-05]
107
[ 3.63714025e-01  3.02952914e-01 -1.06363198e-01 -1.25783489e-01
 -1.55337818e-01 -1.77996096e-01 -2.26970506e-01 -2.07550587e-01
 -3.42218268e-01 -3.40823348e-01  8.88487614e-03  7.48997334e-03
  2.55150352e-03  2.34135743e-03 -6.16735725e-04 -6.20688885e-04
 -8.93193712e-05 -8.67316231e-05  7.38717817e-06  8.04007621e-06
 -3.35884895e-01 -3.35674745e-01 -3.32712645e-01 -3.32716598e-01
 -3.33246601e-01 -3.33244014e-01 -3.33341373e-01 -3.33340720e-01]
108
[ 3.62789551e-01  3.03877391e-01 -2.26005008e-01 -2.07762775e-01
 -1.77818883e-01 -1.55515023e-01 -1.25571314e-01 -1.07328696e-01
 -3.42173794e-01 -3.40740892e-01 -3.35875734e-01 -3.35665272e-01
 -3.32712629e-01 -3.32717759e-01 -3.33246785e-01 -3.33243920e-01
 -3.33341502e-01 -3.33340824e-01  8.84040096e-03  7.40751846e-03
  2.54234261e-03  2.33188449e-03 -6.15574782e-04 -6.20704486e-04
 -8.94130029e-05 -8.65480972e-05  7.49109309e-06  8.16906271e-06]
109
[ 3.61730831e-01  3.04936114e-01 -2.24967731e-01 -2.08038796e-01
 -1.77561363e-01 -1.55772535e-01 -1.25295307e-01 -1.08365976e-01
 -3.42126220e-01 -3.40662579e-01 -3.35865955e-01 -3.35655758e-01
 -3.32712607e-01 -3.32719017e-01 -3.33246979e-01 -3.33243839e-01
 -3.33341670e-01 -3.33340906e-01  8.79282653e-03  7.32920538e-03
  2.53256292e-03  2.32237094e-03 -6.14316610e-04 -6.20726399e-04
 -8.94942407e-05 -8.63543842e-05  7.57248891e-06  8.33692904e-06]
110
[ 3.60604633e-01  3.06062315e-01 -2.23904788e-01 -2.08364283e-01
 -1.77242203e-01 -1.56091684e-01 -1.24969834e-01 -1.09428923e-01
 -3.42077547e-01 -3.40587968e-01 -3.35855787e-01 -3.35646060e-01
 -3.32720357e-01 -3.32712616e-01 -3.33341871e-01 -3.33340968e-01
 -3.33247179e-01 -3.33243770e-01  8.74415196e-03  7.25459509e-03
  2.52239495e-03  2.31267373e-03 -6.12976575e-04 -6.20717524e-04
 -8.95633401e-05 -8.61537985e-05  7.63521491e-06  8.53822526e-06]
111
[ 3.59453968e-01  3.07212981e-01 -2.22847315e-01 -2.08728796e-01
 -1.76875403e-01 -1.56458474e-01 -1.24605336e-01 -1.10486402e-01
 -3.42028992e-01 -3.40516927e-01 -3.35845387e-01 -3.35636107e-01
 -3.32721784e-01 -3.32712664e-01 -3.33342098e-01 -3.33341019e-01
 -3.33247383e-01 -3.33243712e-01  8.69559658e-03  7.18355465e-03
  2.51199452e-03  2.30272066e-03 -6.11549662e-04 -6.20669916e-04
 -8.96209156e-05 -8.59495001e-05  7.68542820e-06  8.76522308e-06]
112
[ 3.58306347e-01  3.08360604e-01 -2.21816443e-01 -2.09124191e-01
 -1.76472419e-01 -1.56861447e-01 -1.24209956e-01 -1.11517283e-01
 -3.41981432e-01 -3.40449356e-01 -3.35834859e-01 -3.35625875e-01
 -3.32723293e-01 -3.32712768e-01 -3.33342344e-01 -3.33341062e-01
 -3.33247590e-01 -3.33243663e-01  8.64803574e-03  7.11598432e-03
  2.50146674e-03  2.29248953e-03 -6.10040820e-04 -6.20565700e-04
 -8.96695540e-05 -8.57425934e-05  7.72831617e-06  9.01037363e-06]
113
[ 3.09488033e-01  3.57178920e-01 -1.23790041e-01 -1.12507428e-01
 -1.57289743e-01 -1.76044111e-01 -2.20826307e-01 -2.09544122e-01
  8.60219852e-03  7.05173979e-03  2.49088028e-03  2.28198891e-03
 -6.08461031e-04 -6.20384081e-04 -8.97105234e-05 -8.55345032e-05
  7.76746918e-06  9.26765267e-06 -3.41935596e-01 -3.40385112e-01
 -3.35824273e-01 -3.35615374e-01 -3.32724872e-01 -3.32712950e-01
 -3.33342601e-01 -3.33341101e-01 -3.33247798e-01 -3.33243622e-01]
114
[ 3.10584858e-01  3.56082096e-01 -1.23351058e-01 -1.13447603e-01
 -1.57735806e-01 -1.75598037e-01 -2.19886142e-01 -2.09983120e-01
  8.55837939e-03  6.99089662e-03  2.48029431e-03  2.27123652e-03
 -6.06842130e-04 -6.20085226e-04 -8.97429450e-05 -8.53299521e-05
  7.80811694e-06  9.53003915e-06 -3.41891778e-01 -3.40324268e-01
 -3.35813687e-01 -3.35604621e-01 -3.32726491e-01 -3.32713249e-01
 -3.33342863e-01 -3.33341141e-01 -3.33248003e-01 -3.33243590e-01]
115
[ 3.11643121e-01  3.55023833e-01 -1.22897849e-01 -1.14331328e-01
 -1.58196454e-01 -1.75137376e-01 -2.19002429e-01 -2.10436345e-01
  8.51648957e-03  6.93370336e-03  2.46974870e-03  2.26026999e-03
 -6.05175598e-04 -6.19674875e-04 -8.97700700e-05 -8.51278332e-05
  7.84733412e-06  9.79539786e-06 -3.41849890e-01 -3.40267075e-01
 -3.35803141e-01 -3.35593654e-01 -3.32728158e-01 -3.32713659e-01
 -3.33343129e-01 -3.33341181e-01 -3.33248205e-01 -3.33243563e-01]
116
[ 3.12658632e-01  3.54008322e-01 -1.22434844e-01 -1.15154269e-01
 -1.58667193e-01 -1.74666624e-01 -2.10899366e-01 -2.18179502e-01
  8.47659484e-03  6.88022099e-03  2.45927255e-03  2.24913902e-03
 -6.03453841e-04 -6.19161567e-04 -8.97862546e-05 -8.49370293e-05
  7.88423577e-06  1.00605342e-05 -3.41809996e-01 -3.40213593e-01
 -3.35792665e-01 -3.35582523e-01 -3.32729880e-01 -3.32714172e-01
 -3.33343394e-01 -3.33341218e-01 -3.33248396e-01 -3.33243547e-01]
117
[ 3.13632034e-01  3.53034919e-01 -1.21966249e-01 -1.15913659e-01
 -1.59141543e-01 -1.74192261e-01 -2.11367977e-01 -2.17420128e-01
  8.43892991e-03  6.83036769e-03  2.44888888e-03  2.23789666e-03
 -6.01685127e-04 -6.18527458e-04  7.92353577e-06  1.03217928e-05
 -8.97939107e-05 -8.47593706e-05 -3.41772332e-01 -3.40163740e-01
 -3.35782282e-01 -3.35571281e-01 -3.32731648e-01 -3.32714807e-01
 -3.33343655e-01 -3.33341257e-01 -3.33248574e-01 -3.33243539e-01]150
[ 3.39400117e-01  3.27266613e-01 -2.34642803e-01 -2.15431822e-01
 -1.17902953e-01 -9.86925734e-02 -1.68603582e-01 -1.64730089e-01
 -3.41923340e-01 -3.40017177e-01 -3.35607537e-01 -3.35185109e-01
 -3.32772601e-01 -3.32807122e-01 -3.33342177e-01 -3.33333191e-01
 -3.33251070e-01 -3.33238269e-01  8.58983141e-03  6.68376171e-03
  2.27412828e-03  1.85171216e-03 -5.26213207e-04 -5.60733996e-04
 -9.50644593e-05 -8.22634954e-05 -1.43210076e-07  8.84301474e-06]
151
[ 3.39364324e-01  3.27302383e-01 -2.35835989e-01 -2.15687713e-01
 -1.17647129e-01 -9.74995003e-02 -1.64668539e-01 -1.68665146e-01
 -3.41989152e-01 -3.40034799e-01 -3.35613036e-01 -3.35166730e-01
 -3.32774188e-01 -3.32809055e-01 -3.33341489e-01 -3.33332623e-01
 -3.33250868e-01 -3.33238060e-01  8.65563173e-03  6.70138027e-03
  2.27962518e-03  1.83333106e-03 -5.24280107e-04 -5.59147350e-04
 -9.52729858e-05 -8.24649745e-05 -7.11158195e-07  8.15449575e-06]
152
[ 3.39349294e-01  3.27317389e-01 -2.37104851e-01 -2.15922223e-01
 -1.68732863e-01 -1.64600839e-01 -1.17412696e-01 -9.62307644e-02
 -3.42062916e-01 -3.40052097e-01 -3.35620370e-01 -3.35146914e-01
 -3.32775716e-01 -3.32810915e-01 -3.33340740e-01 -3.33332045e-01
 -3.33250657e-01 -3.33237834e-01  8.72938219e-03  6.71867404e-03
  2.28695674e-03  1.81351282e-03 -5.22420179e-04 -5.57618687e-04
 -9.54990979e-05 -8.26765492e-05 -1.28911369e-06  7.40547570e-06]
153
[ 3.39355178e-01  3.27311476e-01 -2.38467463e-01 -2.16122222e-01
 -1.68810958e-01 -1.64522763e-01 -1.17212780e-01 -9.48682986e-02
 -3.42145805e-01 -3.40068995e-01 -3.35629724e-01 -3.35125512e-01
 -3.32777146e-01 -3.32812724e-01 -3.33339954e-01 -3.33331435e-01
 -3.33250428e-01 -3.33237612e-01  8.81225603e-03  6.73556790e-03
  2.29630778e-03  1.79210874e-03 -5.20611092e-04 -5.56189532e-04
 -9.57213531e-05 -8.29048216e-05 -1.89909882e-06  6.61903035e-06]
154
[ 3.39383305e-01  3.27283317e-01 -2.39944879e-01 -2.16275162e-01
 -1.68901530e-01 -1.64432212e-01 -1.17059934e-01 -9.33910520e-02
 -3.42239748e-01 -3.40085186e-01 -3.35641519e-01 -3.35102190e-01
 -3.32778452e-01 -3.32814501e-01 -3.33339125e-01 -3.33330798e-01
 -3.33250184e-01 -3.33237392e-01  8.90618016e-03  6.75175367e-03
  2.30809883e-03  1.76878372e-03 -5.18834628e-04 -5.54882630e-04
 -9.59411976e-05 -8.31492147e-05 -2.53696042e-06  5.79066160e-06]
155
[ 3.39436390e-01  3.27230196e-01 -2.41563379e-01 -2.16367578e-01
 -1.69006288e-01 -1.64327480e-01 -1.16967623e-01 -9.17727499e-02
 -3.42347676e-01 -3.40100067e-01 -3.35656397e-01 -3.35076438e-01
 -3.32779657e-01 -3.32816228e-01 -3.33338245e-01 -3.33330142e-01
 -3.33249929e-01 -3.33237171e-01  9.01408501e-03  6.76662824e-03
  2.32297360e-03  1.74302807e-03 -5.17108283e-04 -5.53677955e-04
 -9.61622991e-05 -8.34042386e-05 -3.19239078e-06  4.91022567e-06]
156
[ 3.39519231e-01  3.27147314e-01 -2.43359617e-01 -2.16381942e-01
 -1.69127021e-01 -1.64206778e-01 -1.16953365e-01 -8.99767574e-02
 -3.42474229e-01 -3.40112488e-01 -3.35675338e-01 -3.35047502e-01
 -3.32780818e-01 -3.32817853e-01 -3.33337304e-01 -3.33329480e-01
 -3.33249672e-01 -3.33236931e-01  9.14060874e-03  6.77904422e-03
  2.34190874e-03  1.71408874e-03 -5.15483032e-04 -5.52516744e-04
 -9.64027455e-05 -8.36611850e-05  3.96912242e-06 -3.85496153e-06]
157
[ 3.39639812e-01  3.27026682e-01 -2.45383525e-01 -2.16300349e-01
 -1.69262239e-01 -1.64071595e-01 -1.17035095e-01 -8.79531331e-02
 -3.42628014e-01 -3.40119738e-01 -3.35700010e-01 -3.35014103e-01
 -3.32781922e-01 -3.32819454e-01 -3.33336339e-01 -3.33328774e-01
 -3.33249395e-01 -3.33236631e-01  9.29435804e-03  6.78628632e-03
  2.36657513e-03  1.68068523e-03 -5.13882171e-04 -5.51412472e-04
 -9.67026322e-05 -8.39382100e-05  3.00370777e-06 -4.56069873e-06]
158
[ 3.39806853e-01  3.26859582e-01 -2.47718510e-01 -2.16079761e-01
 -1.69426629e-01 -1.63907249e-01 -1.17255820e-01 -8.56185118e-02
 -3.42818236e-01 -3.40120827e-01 -3.35731827e-01 -3.34975222e-01
 -3.32782972e-01 -3.32820980e-01 -3.33328020e-01 -3.33335354e-01
 -3.33249106e-01 -3.33236275e-01  9.48453174e-03  6.78736764e-03
  2.39838453e-03  1.64179920e-03 -5.50362900e-04 -5.12356762e-04
 -9.70584301e-05 -8.42278917e-05  2.01859648e-06 -5.31523520e-06]
159
[ 3.40034412e-01  3.26631951e-01 -2.50482824e-01 -2.15668267e-01
 -1.69637483e-01 -1.63696449e-01 -1.17667459e-01 -8.28546538e-02
 -3.43059922e-01 -3.40114376e-01 -3.35772814e-01 -3.34929419e-01
 -3.32783963e-01 -3.32822405e-01 -3.33327194e-01 -3.33334365e-01
 -3.33248813e-01 -3.33235877e-01  9.72614970e-03  6.78090870e-03
  2.43936259e-03  1.59599103e-03 -5.49371983e-04 -5.10931791e-04
 -9.74567397e-05 -8.45199882e-05 -6.14063359e-06  1.02976364e-06]
160
[ 3.40346940e-01  3.26319335e-01 -2.53857215e-01 -2.14997845e-01
 -1.69915582e-01 -1.63418416e-01 -1.18338038e-01 -7.94808353e-02
 -3.43380630e-01 -3.40097555e-01 -3.35826440e-01 -3.34874240e-01
 -3.32784812e-01 -3.32823790e-01 -3.33326259e-01 -3.33333396e-01
 -3.33248519e-01 -3.33235435e-01  1.00467623e-02  6.76407959e-03
  2.49297752e-03  1.54080508e-03 -5.48523981e-04 -5.09546497e-04
 -9.78987947e-05 -8.48148727e-05 -7.07660409e-06  6.11469925e-08]
161
[ 3.40785871e-01  3.25880291e-01 -2.58132538e-01 -2.13975485e-01
 -1.70291739e-01 -1.63042339e-01 -1.19360555e-01 -7.52062390e-02
 -3.43833083e-01  1.04990695e-02  6.73207951e-03 -3.40065563e-01
 -3.35898459e-01 -3.34805705e-01 -3.32785429e-01 -3.32825205e-01
 -3.33325144e-01 -3.33332486e-01 -3.33248224e-01 -3.33234916e-01
  2.56498213e-03  1.47226170e-03 -5.47906939e-04 -5.08132018e-04
 -8.48812813e-07 -8.19202069e-06 -9.84181730e-05 -8.51090893e-05]
162
[ 3.41424676e-01  3.25241340e-01 -1.20866731e-01 -2.12469445e-01
 -1.70817195e-01 -1.62516977e-01 -6.95383917e-02 -2.63801302e-01
  1.11930035e-02 -3.44527254e-01  6.67759052e-03  2.66493831e-03
  1.38392400e-03 -5.47670189e-04 -5.06586871e-04 -1.62622507e-06
 -9.62748417e-06 -9.90847000e-05 -8.54022969e-05 -3.40011082e-01
 -3.35998432e-01 -3.34717376e-01 -3.32785666e-01 -3.32826750e-01
 -3.33323709e-01 -3.33331709e-01 -3.33247931e-01 -3.33234250e-01]
163
[ 3.42403309e-01  3.24262520e-01 -1.23040915e-01 -2.10295316e-01
 -1.71580777e-01 -1.61753498e-01 -2.71728959e-01 -6.16118210e-02
 -3.45727437e-01  1.23927488e-02  6.58995078e-03  2.80908572e-03
  1.26508134e-03 -5.48090325e-04 -5.04756658e-04 -2.15973796e-06
 -1.16458898e-05 -1.00058559e-04 -8.56889167e-05 -3.39923446e-01
 -3.36142598e-01 -3.34598543e-01 -3.32785247e-01 -3.32828580e-01
 -3.33321691e-01 -3.33331175e-01 -3.33247645e-01 -3.33233276e-01]
164
[ 3.44004864e-01  3.22660739e-01 -1.26104715e-01 -2.07231360e-01
 -1.60599845e-01 -1.72734512e-01 -4.99657170e-02 -2.83375960e-01
  1.48746433e-02 -3.48210267e-01  6.45432152e-03  3.02470592e-03
  1.09798811e-03 -5.49763353e-04 -5.02428332e-04 -2.26990665e-06
 -1.48263191e-05 -1.01790000e-04 -8.59258403e-05 -3.39787812e-01
 -3.36358234e-01 -3.34431454e-01 -3.32783575e-01 -3.32830908e-01
 -3.33318511e-01 -3.33331065e-01 -3.33247408e-01 -3.33231545e-01]
165
[ 3.46840271e-01  3.19825154e-01 -1.30199835e-01 -2.03135650e-01
 -1.58822194e-01 -1.74512125e-01 -3.00265757e-01 -3.30748915e-02
  2.16176347e-02 -3.54955502e-01  6.25397933e-03  3.35125073e-03
  8.55182354e-04 -5.54315294e-04 -4.99205384e-04 -1.70752998e-06
 -2.06270674e-05 -1.05805203e-04 -8.60568948e-05 -3.39587445e-01
 -3.36684769e-01 -3.34188636e-01 -3.32779024e-01 -3.32834131e-01
 -3.33247277e-01 -3.33227532e-01 -3.33312712e-01 -3.33331627e-01]
166
[ 3.52160640e-01  3.14505090e-01 -1.34974915e-01 -1.98359410e-01
 -1.56227206e-01 -1.77106754e-01 -3.77598239e-01  4.42586267e-02
 -3.18014677e-01 -1.53208841e-02 -3.39321529e-01 -3.37135959e-01
 -3.33851277e-01 -3.32765828e-01 -3.32839037e-01 -3.33213578e-01
 -3.33247363e-01 -3.33333226e-01 -3.33299882e-01  5.98812261e-03
  3.80251625e-03  5.17881862e-04 -5.67513230e-04 -4.94299234e-04
 -1.07599811e-07 -3.34580659e-05 -1.19762519e-04 -8.59700841e-05]
167
[ 3.61481619e-01  3.05185884e-01 -4.26528736e-01  9.31984524e-02
 -1.39131429e-01 -1.53172541e-01 -1.94201764e-01 -1.80160783e-01
 -3.26537412e-01 -3.39044502e-01 -3.37599909e-01 -3.32721157e-01
 -3.32846049e-01 -3.33524725e-01 -3.33136528e-01 -3.33335972e-01
 -3.33247745e-01 -3.33276104e-01 -6.79562679e-03  5.71116758e-03
  4.26657671e-03 -6.12178689e-04 -4.87285215e-04  1.91414876e-04
 -1.96800812e-04  2.63890951e-06 -5.72307041e-05 -8.55879007e-05]25
[ 4.09592584e-01  4.53743647e-01  2.57078419e-01  2.12929498e-01
 -1.44910496e-01 -1.42396735e-01 -1.90936377e-01 -1.88422584e-01
 -3.38623039e-01 -3.38396725e-01 -3.31202722e-01 -3.32021691e-01
 -3.33365534e-01 -3.33345679e-01 -3.33249521e-01 -3.33254309e-01
 -3.32877097e-01 -3.32878546e-01  5.28972174e-03  5.06341314e-03
 -2.13047185e-03 -1.31156083e-03 -4.56233042e-04 -4.54779677e-04
  3.22076161e-05  1.23486579e-05 -7.90239322e-05 -8.38117284e-05]
26
[ 4.05441005e-01  4.57796460e-01  2.61230343e-01  2.08877736e-01
 -1.45667472e-01 -1.42692738e-01 -1.90640329e-01 -1.87665571e-01
 -3.38626723e-01 -3.38349005e-01 -3.31097245e-01 -3.32072940e-01
 -3.32880689e-01 -3.32874475e-01 -3.33367464e-01 -3.33345147e-01
 -3.33249373e-01 -3.33254722e-01  5.29340926e-03  5.01569857e-03
 -2.23592362e-03 -1.26030474e-03 -4.58854948e-04 -4.52635280e-04
  1.18174500e-05  3.41379248e-05 -8.39595249e-05 -7.86112949e-05]
27
[ 4.00273001e-01  4.64097451e-01  2.66398681e-01  2.02578146e-01
 -1.46518698e-01 -1.42889181e-01 -1.90443825e-01 -1.86814298e-01
 -3.38640483e-01 -3.38291212e-01 -3.30941897e-01 -3.32143637e-01
 -3.32885028e-01 -3.32870932e-01 -3.33370166e-01 -3.33344344e-01
 -3.33249201e-01 -3.33255307e-01  5.30717487e-03  4.95791083e-03
 -2.39123688e-03 -1.18960136e-03 -4.62398678e-04 -4.48294607e-04
  1.10134455e-05  3.68406245e-05 -8.41317585e-05 -7.80259605e-05]
28
[ 3.93612538e-01  2.73059340e-01  4.74375507e-01  1.92301892e-01
 -1.47525570e-01 -1.42908207e-01 -1.90424719e-01 -1.85807372e-01
 -3.38670746e-01 -3.38215330e-01 -3.30692565e-01 -3.32245016e-01
 -3.32866475e-01 -3.32893849e-01 -3.33374577e-01 -3.33343161e-01
 -3.33248990e-01 -3.33256238e-01  5.33744314e-03  4.88203675e-03
 -2.64051388e-03 -1.08821836e-03 -4.66855818e-04 -4.39468717e-04
  4.12541484e-05  9.83055294e-06 -8.43431658e-05 -7.70943033e-05]
29
[ 3.84834717e-01  2.81836867e-01  4.92132795e-01  1.74546406e-01
 -1.42585524e-01 -1.48809437e-01 -1.90747307e-01 -1.84523461e-01
 -3.38730121e-01 -3.38104284e-01 -3.30239221e-01 -3.32392550e-01
 -3.32860889e-01 -3.32915121e-01 -3.33383578e-01 -3.33341443e-01
 -3.33248696e-01 -3.33258021e-01  5.39682385e-03  4.77099977e-03
 -3.09377169e-03 -9.40692667e-04 -4.72442132e-04 -4.18188634e-04
  5.02581828e-05  8.11213062e-06 -8.46364034e-05 -7.53108147e-05]
30
[ 2.93060504e-01  3.73609628e-01  1.42918243e-01 -4.76239771e-01
 -1.41553232e-01 -1.50601967e-01 -1.91779572e-01 -1.82730984e-01
  5.51011912e-03  4.58726138e-03 -4.08237030e-03 -7.49874656e-04
 -4.79389913e-04 -3.52562440e-04  7.60537210e-05  5.67833130e-06
 -7.09336294e-05 -8.50571253e-05 -3.29250511e-01 -3.38843419e-01
 -3.37920546e-01 -3.32583412e-01 -3.32853942e-01 -3.32980735e-01
 -3.33409365e-01 -3.33339010e-01 -3.33248276e-01 -3.33262398e-01]
31
[ 3.61481619e-01  3.05185884e-01 -4.26528736e-01  9.31984524e-02
 -1.39131429e-01 -1.53172541e-01 -1.94201764e-01 -1.80160783e-01
 -3.26537412e-01 -3.39044502e-01 -3.37599909e-01 -3.32721157e-01
 -3.32846049e-01 -3.33524725e-01 -3.33136528e-01 -3.33335972e-01
 -3.33247745e-01 -3.33276104e-01 -6.79562679e-03  5.71116758e-03
  4.26657671e-03 -6.12178689e-04 -4.87285214e-04  1.91414876e-04
 -1.96800812e-04  2.63890951e-06 -5.72307041e-05 -8.55879007e-05]
32
[ 3.52160640e-01  3.14505090e-01 -1.34974915e-01 -1.56227206e-01
 -1.98359410e-01 -1.77106754e-01 -3.77598239e-01  4.42586267e-02
 -3.18014677e-01 -1.53208841e-02 -3.39321529e-01 -3.37135959e-01
 -3.33851277e-01 -3.32765828e-01 -3.32839037e-01 -3.33213578e-01
 -3.33247363e-01 -3.33333226e-01 -3.33299882e-01  5.98812261e-03
  3.80251625e-03  5.17881862e-04 -5.67513230e-04 -4.94299234e-04
 -1.07599811e-07 -3.34580659e-05 -1.19762519e-04 -8.59700841e-05]
33
[ 3.46840271e-01  3.19825154e-01 -1.30199835e-01 -2.03135650e-01
 -1.58822194e-01 -1.74512125e-01 -3.00265757e-01 -3.54955502e-01
 -3.30748915e-02  2.16176347e-02 -3.39587445e-01 -3.36684769e-01
 -3.34188636e-01 -3.32779024e-01 -3.32834131e-01 -3.33247277e-01
 -3.33227532e-01 -3.33312712e-01 -3.33331627e-01  6.25397933e-03
  3.35125073e-03  8.55182354e-04 -5.54315294e-04 -4.99205384e-04
 -1.70752998e-06 -2.06270674e-05 -1.05805203e-04 -8.60568948e-05]
34
[ 3.44004864e-01  3.22660739e-01 -1.26104715e-01 -2.07231360e-01
 -1.60599845e-01 -1.72734512e-01 -4.99657170e-02 -2.83375960e-01
  1.48746433e-02 -3.48210267e-01  6.45432152e-03  3.02470592e-03
  1.09798811e-03 -5.49763353e-04 -5.02428332e-04 -2.26990665e-06
 -1.48263191e-05 -1.01790000e-04 -8.59258403e-05 -3.39787812e-01
 -3.36358234e-01 -3.34431454e-01 -3.32783575e-01 -3.32830908e-01
 -3.33247408e-01 -3.33231545e-01 -3.33318511e-01 -3.33331065e-01]
35
[ 3.42403309e-01  3.24262520e-01 -1.23040915e-01 -1.61753498e-01
 -1.71580777e-01 -2.10295316e-01 -2.71728959e-01 -6.16118210e-02
 -3.45727437e-01  1.23927488e-02  6.58995078e-03  2.80908572e-03
  1.26508134e-03 -5.48090325e-04 -5.04756658e-04 -2.15973796e-06
 -1.16458898e-05 -1.00058559e-04 -8.56889167e-05 -3.39923446e-01
 -3.36142598e-01 -3.34598543e-01 -3.32785247e-01 -3.32828580e-01
 -3.33321691e-01 -3.33331175e-01 -3.33247645e-01 -3.33233276e-01]
36
[ 3.41424676e-01  3.25241340e-01 -1.20866731e-01 -1.62516977e-01
 -1.70817195e-01 -2.12469445e-01 -2.63801302e-01 -6.95383917e-02
 -3.44527254e-01  1.11930035e-02  6.67759052e-03 -3.40011082e-01
 -3.35998432e-01 -3.34717376e-01 -3.32785666e-01 -3.32826750e-01
 -3.33323709e-01 -3.33331709e-01 -3.33247931e-01 -3.33234250e-01
  2.66493831e-03  1.38392400e-03 -5.47670189e-04 -5.06586871e-04
 -1.62622507e-06 -9.62748417e-06 -9.90847000e-05 -8.54022969e-05]
37
[ 3.40785871e-01  3.25880291e-01 -2.58132538e-01 -2.13975485e-01
 -1.70291739e-01 -1.63042339e-01 -1.19360555e-01 -7.52062390e-02
  1.04990695e-02 -3.43833083e-01  6.73207951e-03 -3.40065563e-01
 -3.35898459e-01 -3.34805705e-01 -3.32785429e-01 -3.32825205e-01
 -3.33325144e-01 -3.33332486e-01 -3.33248224e-01 -3.33234916e-01
  2.56498213e-03  1.47226170e-03 -5.47906939e-04 -5.08132018e-04
 -9.84181730e-05 -8.51090892e-05 -8.19202069e-06 -8.48812809e-07]
38
[ 3.40346940e-01  3.26319335e-01 -2.53857215e-01 -2.14997845e-01
 -1.69915582e-01 -1.63418416e-01 -1.18338038e-01 -7.94808353e-02
 -3.43380630e-01  1.00467623e-02 -3.40097555e-01 -3.35826440e-01
 -3.34874240e-01 -3.32784812e-01 -3.32823790e-01 -3.33326259e-01
 -3.33333396e-01 -3.33248519e-01 -3.33235435e-01  6.76407959e-03
  2.49297752e-03  1.54080508e-03 -5.48523981e-04 -5.09546498e-04
 -9.78987947e-05 -8.48148727e-05  6.11469953e-08 -7.07660409e-06]
39
[ 3.40034412e-01  3.26631951e-01 -2.50482824e-01 -2.15668267e-01
 -1.69637483e-01 -1.63696449e-01 -1.17667459e-01 -8.28546538e-02
 -3.43059922e-01  9.72614970e-03 -3.40114376e-01 -3.35772814e-01
 -3.34929419e-01 -3.32783963e-01 -3.32822405e-01 -3.33327194e-01
 -3.33334365e-01 -3.33248813e-01 -3.33235877e-01  6.78090870e-03
  2.43936259e-03  1.59599103e-03 -5.49371983e-04 -5.10931791e-04
 -9.74567397e-05 -8.45199882e-05 -6.14063359e-06  1.02976364e-06]
40
[ 3.39806853e-01  3.26859582e-01 -8.56185118e-02 -1.17255820e-01
 -1.63907249e-01 -1.69426629e-01 -2.47718510e-01 -2.16079761e-01
 -3.42818236e-01  9.48453174e-03 -3.40120827e-01 -3.35731827e-01
 -3.34975222e-01 -3.32782972e-01 -3.32820980e-01 -3.33335354e-01
 -3.33328020e-01 -3.33249106e-01 -3.33236275e-01  6.78736764e-03
  2.39838453e-03  1.64179920e-03 -5.50362900e-04 -5.12356762e-04
 -9.70584301e-05 -8.42278917e-05 -5.31523520e-06  2.01859648e-06]
41
[ 3.39639812e-01  3.27026682e-01 -8.79531331e-02 -1.17035095e-01
 -1.64071595e-01 -1.69262239e-01 -2.45383525e-01 -2.16300349e-01
 -3.42628014e-01  9.29435804e-03 -3.40119738e-01 -3.35700010e-01
 -3.35014103e-01 -3.32781922e-01 -3.32819454e-01 -3.33336339e-01
 -3.33328774e-01 -3.33249395e-01 -3.33236631e-01  6.78628632e-03
  2.36657513e-03  1.68068523e-03 -5.13882171e-04 -5.51412472e-04
 -9.67026322e-05 -8.39382100e-05 -4.56069873e-06  3.00370777e-06]
42
[ 3.39519231e-01  3.27147314e-01 -2.43359617e-01 -2.16381942e-01
 -1.69127021e-01 -1.64206778e-01 -1.16953365e-01 -8.99767574e-02
 -3.42474229e-01 -3.40112488e-01 -3.35675338e-01 -3.35047502e-01
 -3.32780818e-01 -3.32817853e-01 -3.33337304e-01 -3.33329480e-01
 -3.33249672e-01 -3.33236931e-01  9.14060874e-03  6.77904422e-03
  2.34190874e-03  1.71408874e-03 -5.15483032e-04 -5.52516744e-04
 -9.64027455e-05 -8.36611850e-05  3.96912242e-06 -3.85496153e-06]75
[ 3.48139035e-01  3.18527909e-01 -2.13315389e-01 -2.15119065e-01
 -1.61998067e-01 -1.71335656e-01 -1.20018636e-01 -1.18215132e-01
 -3.41591739e-01 -3.39941993e-01 -3.35723093e-01 -3.35503487e-01
 -3.32744072e-01 -3.32720173e-01 -3.33345123e-01 -3.33341333e-01
 -3.33249603e-01 -3.33243385e-01  8.25832837e-03  6.60861966e-03
  2.17010433e-03  2.38970006e-03 -5.89261896e-04 -6.13160771e-04
  7.99950959e-06  1.17897069e-05 -8.99483257e-05 -8.37295868e-05]
76
[ 3.48846466e-01  3.17820480e-01 -1.61531091e-01 -1.71802649e-01
 -1.19989301e-01 -1.18340915e-01 -2.13344831e-01 -2.14993135e-01
 -3.41616283e-01 -3.39970092e-01 -3.35732456e-01 -3.35514653e-01
 -3.32741833e-01 -3.32719051e-01 -3.33344896e-01 -3.33341349e-01
 -3.33249452e-01 -3.33243421e-01  8.28287400e-03  6.63671887e-03
  2.18127005e-03  2.39906286e-03 -5.91501158e-04 -6.14282481e-04
  8.01616265e-06  1.15630264e-05 -8.99116651e-05 -8.38804255e-05]
77
[ 3.49589979e-01  3.17076969e-01 -2.13121048e-01 -2.15178229e-01
 -1.61047805e-01 -1.72285947e-01 -1.20213171e-01 -1.18155697e-01
 -3.41643750e-01 -3.40001121e-01 -3.35742028e-01 -3.35525931e-01
 -3.32739557e-01 -3.32718129e-01 -3.33344639e-01 -3.33341374e-01
 -3.33249273e-01 -3.33243473e-01  8.31034170e-03  6.66774800e-03
  2.19254823e-03  2.40863496e-03 -5.93776388e-04 -6.15204727e-04
  8.04091383e-06  1.13057556e-05 -8.98597807e-05 -8.40594889e-05]
78
[ 3.50386249e-01  3.16280702e-01 -1.60575213e-01 -1.72758552e-01
 -2.12743429e-01 -2.15581101e-01 -1.20590818e-01 -1.17752763e-01
  8.33908288e-03  6.70301021e-03  2.20383917e-03  2.41846392e-03
 -5.95845159e-04 -6.16179673e-04  8.03043927e-06  1.10628139e-05
 -8.98367340e-05 -8.42248140e-05 -3.41672489e-01 -3.40036383e-01
 -3.35751857e-01 -3.35537222e-01 -3.32737489e-01 -3.32717154e-01
 -3.33344396e-01 -3.33341364e-01 -3.33249108e-01 -3.33243496e-01]
79
[ 3.15440675e-01  3.51226277e-01 -1.60100476e-01 -1.73233302e-01
 -2.12302543e-01 -2.16111022e-01 -1.21031704e-01 -1.17222807e-01
  8.37002665e-03  6.74187842e-03  2.21517203e-03  2.42847743e-03
 -5.97828891e-04 -6.17082270e-04  7.99975529e-06  1.08236524e-05
 -8.98175455e-05 -8.43976978e-05 -3.41703432e-01 -3.40075251e-01
 -3.35761870e-01 -3.35548555e-01 -3.32735505e-01 -3.32716252e-01
 -3.33344157e-01 -3.33341333e-01 -3.33243515e-01 -3.33248935e-01]
80
[ 3.14559410e-01  3.52107543e-01 -1.59620221e-01 -1.73713570e-01
 -2.16728776e-01 -2.11837947e-01 -1.21496291e-01 -1.16605029e-01
  8.40339225e-03  6.78423956e-03  2.22655479e-03  2.43862281e-03
 -5.99806125e-04 -6.17834850e-04  7.96184707e-06  1.05772303e-05
 -8.98008657e-05 -8.45801307e-05 -3.41736796e-01 -3.40117612e-01
 -3.35772015e-01 -3.35559938e-01 -3.32733527e-01 -3.32715499e-01
 -3.33343910e-01 -3.33341295e-01 -3.33248753e-01 -3.33243532e-01]
81
[ 3.13632034e-01  3.53034919e-01 -1.21966249e-01 -1.15913659e-01
 -1.59141543e-01 -1.74192261e-01 -2.11367977e-01 -2.17420128e-01
  8.43892991e-03  6.83036769e-03  2.23789666e-03  2.44888888e-03
 -6.01685127e-04 -6.18527458e-04  7.92353577e-06  1.03217928e-05
 -8.97939107e-05 -8.47593706e-05 -3.41772332e-01 -3.40163740e-01
 -3.35782282e-01 -3.35571281e-01 -3.32731648e-01 -3.32714807e-01
 -3.33343655e-01 -3.33341257e-01 -3.33243539e-01 -3.33248574e-01]
82
[ 3.12658632e-01  3.54008322e-01 -1.58667193e-01 -1.74666624e-01
 -2.18179502e-01 -2.10899366e-01 -1.22434844e-01 -1.15154269e-01
  8.47659484e-03  6.88022099e-03  2.45927255e-03  2.24913902e-03
 -6.03453841e-04 -6.19161567e-04  7.88423577e-06  1.00605342e-05
 -8.97862546e-05 -8.49370293e-05 -3.41809996e-01 -3.40213593e-01
 -3.35792665e-01 -3.35582523e-01 -3.32729880e-01 -3.32714172e-01
 -3.33343394e-01 -3.33341218e-01 -3.33243547e-01 -3.33248396e-01]
83
[ 3.11643121e-01  3.55023833e-01 -1.58196454e-01 -1.75137376e-01
 -2.19002429e-01 -2.10436345e-01 -1.22897849e-01 -1.14331328e-01
  8.51648957e-03  6.93370336e-03  2.46974870e-03  2.26026999e-03
 -6.05175598e-04 -6.19674875e-04  7.84733412e-06  9.79539786e-06
 -8.97700700e-05 -8.51278332e-05 -3.41849890e-01 -3.40267075e-01
 -3.35803141e-01 -3.35593654e-01 -3.32728158e-01 -3.32713659e-01
 -3.33343129e-01 -3.33341181e-01 -3.33243563e-01 -3.33248205e-01]
84
[ 3.10584858e-01  3.56082096e-01 -2.19886142e-01 -2.09983120e-01
 -1.75598037e-01 -1.57735806e-01 -1.23351058e-01 -1.13447603e-01
  8.55837939e-03  6.99089662e-03  2.48029431e-03  2.27123652e-03
 -6.06842130e-04 -6.20085226e-04  7.80811694e-06  9.53003916e-06
 -8.97429450e-05 -8.53299521e-05 -3.41891778e-01 -3.40324268e-01
 -3.35813687e-01 -3.35604621e-01 -3.32726491e-01 -3.32713249e-01
 -3.33342863e-01 -3.33341141e-01 -3.33243590e-01 -3.33248003e-01]
85
[ 3.09488033e-01  3.57178920e-01 -1.23790041e-01 -1.12507428e-01
 -1.57289743e-01 -1.76044111e-01 -2.20826307e-01 -2.09544122e-01
  8.60219852e-03  7.05173979e-03  2.49088028e-03  2.28198891e-03
 -6.08461031e-04 -6.20384081e-04  7.76746918e-06  9.26765268e-06
 -8.97105234e-05 -8.55345032e-05 -3.41935596e-01 -3.40385112e-01
 -3.35824273e-01 -3.35615374e-01 -3.32724872e-01 -3.32712950e-01
 -3.33342601e-01 -3.33341101e-01 -3.33247798e-01 -3.33243622e-01]
86
[ 3.08360604e-01  3.58306347e-01 -1.24209956e-01 -1.11517283e-01
 -1.56861447e-01 -1.76472419e-01 -2.21816443e-01 -2.09124191e-01
  8.64803574e-03  7.11598432e-03  2.50146674e-03  2.29248953e-03
 -6.10040820e-04 -6.20565700e-04  7.72831617e-06  9.01037363e-06
 -8.96695540e-05 -8.57425934e-05 -3.41981432e-01 -3.40449356e-01
 -3.35834859e-01 -3.35625875e-01 -3.32723293e-01 -3.32712768e-01
 -3.33342344e-01 -3.33341062e-01 -3.33247590e-01 -3.33243663e-01]
87
[ 3.07212981e-01  3.59453968e-01 -1.24605336e-01 -1.10486402e-01
 -1.56458474e-01 -1.76875403e-01 -2.22847315e-01 -2.08728796e-01
  8.69559658e-03  7.18355465e-03  2.51199452e-03  2.30272066e-03
 -6.11549662e-04 -6.20669916e-04 -8.96209156e-05 -8.59495001e-05
  7.68542820e-06  8.76522308e-06 -3.42028992e-01 -3.40516927e-01
 -3.35845387e-01 -3.35636107e-01 -3.32721784e-01 -3.32712664e-01
 -3.33342098e-01 -3.33341019e-01 -3.33247383e-01 -3.33243712e-01]
88
[ 3.06062315e-01  3.60604633e-01 -1.09428923e-01 -1.24969834e-01
 -1.56091684e-01 -1.77242203e-01 -2.23904788e-01 -2.08364283e-01
  8.74415196e-03  7.25459509e-03  2.52239495e-03  2.31267373e-03
 -6.12976575e-04 -6.20717524e-04 -8.95633401e-05 -8.61537985e-05
  7.63521491e-06  8.53822527e-06 -3.42077547e-01 -3.40587968e-01
 -3.35855787e-01 -3.35646060e-01 -3.32712616e-01 -3.32720357e-01
 -3.33341871e-01 -3.33340968e-01 -3.33247179e-01 -3.33243770e-01]
89
[ 3.61730831e-01  3.04936114e-01 -2.24967731e-01 -2.08038796e-01
 -1.77561363e-01 -1.55772535e-01 -1.25295307e-01 -1.08365976e-01
 -3.42126220e-01 -3.40662579e-01 -3.35865955e-01 -3.35655758e-01
 -3.32712607e-01 -3.32719017e-01 -3.33341670e-01 -3.33340906e-01
 -3.33246979e-01 -3.33243839e-01  8.79282653e-03  7.32920538e-03
  2.53256292e-03  2.32237094e-03 -6.14316610e-04 -6.20726399e-04
 -8.94942407e-05 -8.63543842e-05  7.57248891e-06  8.33692904e-06]
90
[ 3.62789551e-01  3.03877391e-01 -2.26005008e-01 -2.07762775e-01
 -1.77818883e-01 -1.55515023e-01 -1.25571314e-01 -1.07328696e-01
 -3.42173794e-01 -3.40740892e-01 -3.35875734e-01 -3.35665272e-01
 -3.32712629e-01 -3.32717759e-01 -3.33246785e-01 -3.33243920e-01
 -3.33341502e-01 -3.33340824e-01  8.84040096e-03  7.40751846e-03
  2.54234261e-03  2.33188449e-03 -6.15574782e-04 -6.20704486e-04
 -8.94130029e-05 -8.65480972e-05  7.49109309e-06  8.16906271e-06]
91
[ 3.02952914e-01  3.63714025e-01 -1.06363198e-01 -1.25783489e-01
 -1.55337818e-01 -1.77996096e-01 -2.26970506e-01 -2.07550587e-01
  8.88487614e-03  7.48997334e-03  2.55150352e-03  2.34135743e-03
 -6.16735725e-04 -6.20688885e-04  7.38717817e-06  8.04007621e-06
 -8.93193712e-05 -8.67316231e-05 -3.42218268e-01 -3.40823348e-01
 -3.35884895e-01 -3.35674745e-01 -3.32712645e-01 -3.32716598e-01
 -3.33246601e-01 -3.33244014e-01 -3.33341373e-01 -3.33340720e-01]
92
[ 3.64400242e-01  3.02266694e-01 -2.27796075e-01 -1.78066731e-01
 -1.55267187e-01 -2.07422771e-01 -1.25911293e-01 -1.05537630e-01
 -3.42256482e-01 -3.40910877e-01 -3.35893086e-01 -3.35684428e-01
 -3.32712593e-01 -3.32715567e-01 -3.33246429e-01 -3.33244123e-01
 -3.33341278e-01 -3.33340602e-01  8.92309047e-03  7.57750137e-03
  2.55969495e-03  2.35104017e-03 -6.17765924e-04 -6.20740866e-04
  7.26901984e-06  7.94465462e-06 -8.92102102e-05 -8.69043001e-05]0
[ 4.46209792e-01  4.46967471e-01  2.19701134e-01  2.20458798e-01
 -1.98299284e-01 -1.98245192e-01 -1.35088090e-01 -1.35034000e-01
 -3.38948808e-01 -3.38946903e-01 -3.31748526e-01 -3.31762828e-01
 -3.32882180e-01 -3.32883424e-01 -3.33347667e-01 -3.33347153e-01
 -3.33251000e-01 -3.33251034e-01  5.61357065e-03  5.61547571e-03
 -1.57046001e-03 -1.58476085e-03 -4.51150222e-04 -4.49906776e-04
  1.38234224e-05  1.43378385e-05 -8.22990717e-05 -8.23334051e-05]
1
[ 4.45731258e-01  4.47250182e-01  2.19418436e-01  2.20937332e-01
 -1.98279098e-01 -1.98171152e-01 -1.35162128e-01 -1.35054186e-01
 -3.38946968e-01 -3.38943111e-01 -3.31740656e-01 -3.31769322e-01
 -3.32881532e-01 -3.32884061e-01 -3.33347960e-01 -3.33346934e-01
 -3.33250985e-01 -3.33251060e-01  5.60977923e-03  5.61363602e-03
 -1.56396564e-03 -1.59263109e-03 -4.51797884e-04 -4.49268967e-04
  1.36044134e-05  1.46301096e-05 -8.22728780e-05 -8.23479772e-05]
2
[ 4.45184341e-01  4.47471500e-01  2.19197137e-01  2.21484253e-01
 -1.98227336e-01 -1.98066082e-01 -1.35267198e-01 -1.35105948e-01
 -3.38943333e-01 -3.38937390e-01 -3.31732272e-01 -3.31775423e-01
 -3.32880847e-01 -3.32884734e-01 -3.33348277e-01 -3.33346739e-01
 -3.33250972e-01 -3.33251096e-01  5.60405764e-03  5.61000011e-03
 -1.55786508e-03 -1.60101414e-03 -4.52482938e-04 -4.48595928e-04
  1.34095441e-05  1.49477251e-05 -8.22369142e-05 -8.23615096e-05]
3
[ 4.44568448e-01  4.47633326e-01  2.19035335e-01  2.22100155e-01
 -1.98144361e-01 -1.97930242e-01 -1.35403035e-01 -1.35188924e-01
 -3.38937938e-01 -3.38929761e-01 -3.31723364e-01 -3.31781155e-01
 -3.32880170e-01 -3.32885394e-01 -3.33348619e-01 -3.33346571e-01
 -3.33250962e-01 -3.33251137e-01  5.59642906e-03  5.60460526e-03
 -1.55213279e-03 -1.60992118e-03 -4.53160591e-04 -4.47936774e-04
  1.32415325e-05  1.52892461e-05 -8.23707726e-05 -8.21962376e-05]
4
[ 4.43884966e-01  4.47735729e-01  2.18932962e-01  2.22783649e-01
 -1.98031336e-01 -1.97763672e-01 -1.35569604e-01 -1.35301948e-01
 -3.38930725e-01 -3.38920385e-01 -3.31713913e-01 -3.31786557e-01
 -3.32879588e-01 -3.32885948e-01 -3.33348981e-01 -3.33346434e-01
 -3.33250964e-01 -3.33251174e-01  5.58705367e-03  5.59739194e-03
 -1.54673097e-03 -1.61937194e-03 -4.53742020e-04 -4.47382101e-04
  1.31043562e-05  1.56512465e-05 -8.23695553e-05 -8.21594659e-05]
5
[ 4.43131681e-01  4.47783634e-01  2.18885091e-01  2.23536951e-01
 -1.97888427e-01 -1.97566917e-01 -1.35766356e-01 -1.35444857e-01
 -3.38921829e-01 -3.38909218e-01 -3.31703900e-01 -3.31791668e-01
 -3.32878964e-01 -3.32886525e-01 -3.33349372e-01 -3.33346318e-01
 -3.33250962e-01 -3.33251218e-01  5.57588645e-03  5.58849616e-03
 -1.54161946e-03 -1.62938427e-03 -4.54366357e-04 -4.46804936e-04
  1.29886450e-05  1.60422473e-05 -8.23711636e-05 -8.21152158e-05]
6
[ 4.42308467e-01  4.47780483e-01  2.18888282e-01  2.24360188e-01
 -1.97716136e-01 -1.97340576e-01 -1.35992695e-01 -1.35617148e-01
 -3.38911340e-01 -3.38896296e-01 -3.31693296e-01 -3.31796554e-01
 -3.32878391e-01 -3.32887041e-01 -3.33349793e-01 -3.33346224e-01
 -3.33250963e-01 -3.33251268e-01  5.56296489e-03  5.57800717e-03
 -1.53673388e-03 -1.63998754e-03 -4.54939010e-04 -4.46289635e-04
  1.28942566e-05  1.64638293e-05 -8.23698337e-05 -8.20652523e-05]
7
[ 4.41415454e-01  4.47730243e-01  2.18938568e-01  2.25253229e-01
 -1.97515444e-01 -1.97085332e-01 -1.36247936e-01 -1.35817839e-01
 -3.38899352e-01 -3.38881688e-01 -3.31682079e-01 -3.31801270e-01
 -3.32877890e-01 -3.32887471e-01 -3.33350245e-01 -3.33346152e-01
 -3.33250971e-01 -3.33251320e-01  5.54835718e-03  5.56601950e-03
 -1.53201748e-03 -1.65120374e-03 -4.55440650e-04 -4.45859006e-04
  1.28220630e-05  1.69160996e-05 -8.23625494e-05 -8.20133362e-05]
8
[ 4.40453321e-01  4.47637060e-01  2.19031805e-01  2.26215394e-01
 -1.97287446e-01 -1.96801937e-01 -1.36531327e-01 -1.36045836e-01
 -3.38885955e-01 -3.38865486e-01 -3.31670232e-01 -3.31805872e-01
 -3.32877449e-01 -3.32887822e-01 -3.33350731e-01 -3.33346100e-01
 -3.33250978e-01 -3.33251378e-01  5.53215588e-03  5.55262230e-03
 -1.52741441e-03 -1.66304925e-03 -4.55881448e-04 -4.45508378e-04
  1.27704730e-05  1.74013146e-05 -8.23550721e-05 -8.19556953e-05]
9
[ 4.39422376e-01  4.47506370e-01  2.19162555e-01  2.27246378e-01
 -1.97033253e-01 -1.96491309e-01 -1.36841952e-01 -1.36300028e-01
 -3.38871269e-01 -3.38847773e-01 -3.31657727e-01 -3.31810436e-01
 -3.32877062e-01 -3.32888093e-01 -3.33351254e-01 -3.33346065e-01
 -3.33250979e-01 -3.33251446e-01  5.51444341e-03  5.53793628e-03
 -1.52285042e-03 -1.67555340e-03 -4.56268304e-04 -4.45237334e-04
  1.27355518e-05  1.79251081e-05 -8.23539233e-05 -8.18873111e-05]
10
[ 4.38323329e-01  4.47343974e-01  2.19325020e-01  2.28345470e-01
 -1.96754326e-01 -1.96154270e-01 -1.37178987e-01 -1.36578952e-01
 -3.38855369e-01 -3.38828693e-01 -3.31644529e-01 -3.31815045e-01
 -3.32876761e-01 -3.32888245e-01 -3.33351827e-01 -3.33346038e-01
 -3.33250971e-01 -3.33251527e-01  5.49536299e-03  5.52203691e-03
 -1.51824056e-03 -1.68874973e-03 -4.56568507e-04 -4.45085938e-04
  1.27087583e-05  1.84982994e-05 -8.23625322e-05 -8.18060701e-05]
11
[ 4.37155956e-01  4.47157072e-01  2.19511999e-01  2.29512895e-01
 -1.96452098e-01 -1.95791640e-01 -1.37541612e-01 -1.36881179e-01
 -3.38838395e-01 -3.38808339e-01 -3.31630593e-01 -3.31819801e-01
 -3.32876561e-01 -3.32888259e-01 -3.33352458e-01 -3.33346013e-01
 -3.33250946e-01 -3.33251627e-01  5.47500941e-03  5.50506284e-03
 -1.51348404e-03 -1.70268467e-03 -4.56769129e-04 -4.45071023e-04
  1.26834299e-05  1.91290697e-05 -8.23868511e-05 -8.17062735e-05]
12
[ 4.35919972e-01  4.46953689e-01  2.19715470e-01  2.30748937e-01
 -1.96127871e-01 -1.95404378e-01 -1.37928870e-01 -1.37205403e-01
 -3.38820417e-01 -3.38786884e-01 -3.31615863e-01 -3.31824813e-01
 -3.32876428e-01 -3.32888163e-01 -3.33353154e-01 -3.33345977e-01
 -3.33250893e-01 -3.33251757e-01  5.45355571e-03  5.48708519e-03
 -1.50847111e-03 -1.71741283e-03 -4.56901858e-04 -4.45167053e-04
  1.26471841e-05  1.98249836e-05 -8.24397968e-05 -8.15762879e-05]
13
[ 4.34612448e-01  4.46745314e-01  2.19923946e-01  2.32056527e-01
 -1.95782903e-01 -1.94993337e-01 -1.38339905e-01 -1.37550369e-01
 -3.38801683e-01 -3.38764337e-01 -3.31600269e-01 -3.31830207e-01
 -3.32876335e-01 -3.32887987e-01 -3.33353900e-01 -3.33345936e-01
 -3.33250803e-01 -3.33251924e-01  5.43100902e-03  5.46835128e-03
 -1.73300429e-03 -1.50307616e-03 -4.56994581e-04 -4.45343782e-04
  1.26060023e-05  2.05706976e-05 -8.25303755e-05 -8.14094246e-05]
14
[ 4.33229639e-01  4.46546725e-01  2.33439412e-01  2.20122648e-01
 -1.95418215e-01 -1.94560027e-01 -1.38773210e-01 -1.37915054e-01
 -3.38782529e-01 -3.38740631e-01 -3.31583737e-01 -3.31836107e-01
 -3.32876239e-01 -3.32887761e-01 -3.33354665e-01 -3.33345915e-01
 -3.33250691e-01 -3.33252109e-01  5.40730309e-03  5.44919768e-03
 -1.74953427e-03 -1.49717547e-03 -4.57090263e-04 -4.45569409e-04
  1.25848698e-05  2.13361758e-05 -8.26421903e-05 -8.12238885e-05]
15
[ 4.31769428e-01  4.46371878e-01  2.34899708e-01  2.20297625e-01
 -1.95036203e-01 -1.94105309e-01 -1.39227921e-01 -1.38297061e-01
 -3.38763141e-01 -3.38715854e-01 -3.31566122e-01 -3.31842680e-01
 -3.32876090e-01 -3.32887532e-01 -3.33355454e-01 -3.33345908e-01
 -3.33250560e-01 -3.33252312e-01  5.38252670e-03  5.42980963e-03
 -1.76714718e-03 -1.49060148e-03 -4.57240066e-04 -4.45798413e-04
  1.25779627e-05  2.21253592e-05 -8.27731091e-05 -8.10209534e-05]
16
[ 4.30226972e-01  4.46240477e-01  2.36442260e-01  2.20429173e-01
 -1.94638564e-01 -1.93630945e-01 -1.39702277e-01 -1.38694694e-01
 -3.38743865e-01 -3.38689947e-01 -3.31547268e-01 -3.31850087e-01
 -3.32875903e-01 -3.32887273e-01 -3.33356240e-01 -3.33345939e-01
 -3.33250434e-01 -3.33252508e-01  5.35662037e-03  5.41053392e-03
 -1.78599823e-03 -1.48319296e-03 -4.57426636e-04 -4.46057112e-04
  1.26087972e-05  2.29112919e-05 -8.28994905e-05 -8.08254827e-05]
17
[ 4.28596814e-01  4.46173413e-01  2.38072528e-01  2.20496408e-01
 -1.94227952e-01 -1.93137931e-01 -1.40195283e-01 -1.39105300e-01
 -3.38724928e-01 -3.38662959e-01 -3.31526923e-01 -3.31858545e-01
 -3.32875701e-01 -3.32886952e-01 -3.33357033e-01 -3.33346000e-01
 -3.33250319e-01 -3.33252690e-01  5.32963293e-03  5.39159782e-03
 -1.80634015e-03 -1.47473287e-03 -4.57628343e-04 -4.46378895e-04
  1.26703755e-05  2.37038504e-05 -8.30138384e-05 -8.06432358e-05]
93
[ 3.64684312e-01  3.01982622e-01 -2.28381889e-01 -1.77992682e-01
 -1.55341238e-01 -2.07409313e-01 -1.25924740e-01 -1.04951822e-01
 -3.42284441e-01 -3.41004420e-01 -3.35899758e-01 -3.35694757e-01
 -3.32712464e-01 -3.32714649e-01 -3.33246266e-01 -3.33244250e-01
 -3.33341202e-01 -3.33340487e-01  8.95104991e-03  7.67104432e-03
  2.56636714e-03  2.36136873e-03 -6.18684587e-04 -6.20869467e-04
  7.15344021e-06  7.86884543e-06 -8.90832148e-05 -8.70664433e-05]
94
[ 3.64306711e-01  3.02360219e-01 -2.28580709e-01 -2.07558931e-01
 -1.77712447e-01 -1.55621471e-01 -1.25775112e-01 -1.04753011e-01
 -3.41105608e-01 -3.42296280e-01 -3.35904073e-01 -3.35706420e-01
 -3.32712237e-01 -3.32713823e-01 -3.33246115e-01 -3.33244395e-01
 -3.33341131e-01 -3.33340389e-01  8.96289007e-03  7.77223101e-03
  2.57068185e-03  2.37303111e-03 -6.19510264e-04 -6.21096900e-04
  7.05610846e-06  7.79775259e-06 -8.89375776e-05 -8.72182912e-05]
95
[ 3.62857834e-01  3.03809095e-01 -2.28179582e-01 -2.07955039e-01
 -1.77118704e-01 -1.56215207e-01 -1.25378994e-01 -1.05154153e-01
 -3.41217146e-01 -3.42283615e-01 -3.35904746e-01 -3.35720477e-01
 -3.32711881e-01 -3.32713066e-01 -3.33245971e-01 -3.33244559e-01
 -3.33341053e-01 -3.33340323e-01  8.95022586e-03  7.88376790e-03
  2.57135588e-03  2.38708728e-03 -6.20267604e-04 -6.21452857e-04
  6.98994735e-06  7.71939419e-06 -8.87736361e-05 -8.73615655e-05]
96
[ 3.59710393e-01  3.06956534e-01 -2.26891738e-01 -2.08745463e-01
 -1.76020441e-01 -1.57313457e-01 -1.24588559e-01 -1.06442023e-01
 -3.41342693e-01 -3.42235976e-01 -3.35899845e-01 -3.35738484e-01
 -3.32711381e-01 -3.32712339e-01 -3.33245832e-01 -3.33244741e-01
 -3.33340958e-01 -3.33340299e-01  8.90258760e-03  8.00931381e-03
  2.56645463e-03  2.40509440e-03 -6.20993891e-04 -6.21952420e-04
  6.96603796e-06  7.62437654e-06 -8.85920941e-05 -8.75009214e-05]
97
[ 3.54011700e-01  3.12655226e-01 -2.24413380e-01 -2.10188197e-01
 -1.74095182e-01 -1.59238696e-01 -1.23145807e-01 -1.08920420e-01
 -3.41486359e-01 -3.42143163e-01 -3.35762409e-01 -3.35886742e-01
 -3.32710791e-01 -3.32711598e-01 -3.33245688e-01 -3.33244938e-01
 -3.33340838e-01 -3.33340327e-01  8.80977528e-03  8.15297844e-03
  2.55335139e-03  2.42901934e-03 -6.21735707e-04 -6.22542897e-04
  6.99393725e-06  7.50528977e-06 -8.83948780e-05 -8.76451147e-05]
98
[ 3.45031544e-01  3.21635383e-01 -2.20684256e-01 -2.12657855e-01
 -1.70953092e-01 -1.62380767e-01 -1.20676116e-01 -1.12649599e-01
 -3.41650276e-01 -3.42002633e-01 -3.35793579e-01 -3.35863007e-01
 -3.32710330e-01 -3.32710848e-01 -3.33245526e-01 -3.33245148e-01
 -3.33340694e-01 -3.33340412e-01  8.66924701e-03  8.31689353e-03
  2.52961663e-03  2.46018925e-03 -6.22485000e-04 -6.23003893e-04
  7.07906819e-06  7.36118499e-06 -8.81852096e-05 -8.78067158e-05]
99
[ 3.33333464e-01  3.33333464e-01 -1.16973681e-01 -1.16973681e-01
 -1.66666925e-01 -1.66666925e-01 -2.16360238e-01 -2.16360238e-01
 -3.41829026e-01 -3.41829026e-01  8.49564117e-03  8.49564117e-03
 -3.35829643e-01 -3.35829643e-01 -3.32710325e-01 -3.32710325e-01
 -3.33340544e-01 -3.33340544e-01 -3.33245349e-01 -3.33245349e-01
  2.49625289e-03  2.49625289e-03 -6.23008041e-04 -6.23008041e-04
  7.21101848e-06  7.21101848e-06 -8.79842653e-05 -8.79842653e-05]

68
[ 3.44466325e-01  3.22200592e-01 -2.18582467e-01 -2.11959712e-01
 -1.64629356e-01 -1.68704289e-01 -1.14752019e-01 -1.21374319e-01
 -3.41451240e-01 -3.39853961e-01 -3.35666544e-01 -3.35427497e-01
 -3.32729723e-01 -3.32761882e-01 -3.33347042e-01 -3.33339896e-01
 -3.33251829e-01 -3.33241381e-01  8.11781868e-03  6.52058259e-03
  2.09411406e-03  2.33315123e-03 -5.71452096e-04 -6.03610683e-04
 -9.19520821e-05 -8.15039938e-05  6.56273043e-06  1.37081285e-05]
69
[ 3.44972929e-01  3.21693992e-01 -2.18014605e-01 -2.12089353e-01
 -1.15319867e-01 -1.21244654e-01 -1.64495247e-01 -1.68838398e-01
 -3.41460551e-01 -3.39861209e-01 -3.35674038e-01 -3.35437672e-01
 -3.32727095e-01 -3.32760163e-01 -3.33347037e-01 -3.33339939e-01
 -3.33251657e-01 -3.33241526e-01  8.12713129e-03  6.52783243e-03
  2.10428857e-03  2.34064503e-03 -5.73171478e-04 -6.06238766e-04
 -9.18073047e-05 -8.16762669e-05  6.60575510e-06  1.37039186e-05]
70
[ 3.45460177e-01  3.21206748e-01 -2.17475966e-01 -2.12257029e-01
 -1.15858484e-01 -1.21076960e-01 -1.64310728e-01 -1.69022923e-01
 -3.41477270e-01 -3.39867650e-01 -3.35681581e-01 -3.35448158e-01
 -3.32724723e-01 -3.32758313e-01 -3.33346908e-01 -3.33340089e-01
 -3.33251307e-01 -3.33241860e-01  8.14385216e-03  6.53427394e-03
  2.11477482e-03  2.34818752e-03 -5.75021778e-04 -6.08610377e-04
 -9.14729003e-05 -8.20260501e-05  6.75577897e-06  1.35741450e-05]
71
[ 3.45853746e-01  3.20813185e-01 -2.16967315e-01 -2.12438745e-01
 -1.16367106e-01 -1.20895229e-01 -1.63917228e-01 -1.69416431e-01
 -3.41505914e-01 -3.39869731e-01 -3.35688896e-01 -3.35459327e-01
 -3.32723772e-01 -3.32755249e-01 -3.33346399e-01 -3.33340601e-01
 -3.33250616e-01 -3.33242589e-01  8.17249659e-03  6.53635651e-03
  2.12594411e-03  2.35550280e-03 -5.78085947e-04 -6.09560868e-04
  7.26713727e-06  1.30654002e-05 -9.07437904e-05 -8.27169378e-05]
72
[ 3.46323518e-01  3.20343417e-01 -2.16441076e-01 -2.12642728e-01
 -1.63423724e-01 -1.69909950e-01 -1.16893308e-01 -1.20691237e-01
 -3.41527846e-01 -3.39880378e-01 -3.35696797e-01 -3.35470397e-01
 -3.32723107e-01 -3.32752035e-01 -3.33340961e-01 -3.33345958e-01
 -3.33250206e-01 -3.33243001e-01  8.19443095e-03  6.54700419e-03
  2.13701370e-03  2.36340356e-03 -5.81299652e-04 -6.10226452e-04
  7.62769880e-06  1.26243049e-05 -9.03321211e-05 -8.31273177e-05]
73
[ 3.46869386e-01  3.19797553e-01 -2.15933920e-01 -2.12874900e-01
 -1.62936476e-01 -1.70397216e-01 -1.17400423e-01 -1.20459062e-01
 -3.41548377e-01 -3.39896607e-01 -3.35705194e-01 -3.35481397e-01
 -3.32722289e-01 -3.32749098e-01 -3.33341171e-01 -3.33345626e-01
 -3.33249952e-01 -3.33243212e-01  8.21496344e-03  6.56323308e-03
  2.14801461e-03  2.37180147e-03 -5.84236601e-04 -6.11044856e-04
  7.83780061e-06  1.22927673e-05 -9.01215173e-05 -8.33810274e-05]
74
[ 3.47477625e-01  3.19189317e-01 -2.13117521e-01 -2.15473916e-01
 -1.62463074e-01 -1.70870634e-01 -1.17860373e-01 -1.20216452e-01
 -3.41569355e-01 -3.39917347e-01 -3.35713990e-01 -3.35492409e-01
 -3.32746462e-01 -3.32721289e-01 -3.33341281e-01 -3.33345360e-01
 -3.33249760e-01 -3.33243325e-01  8.23594320e-03  6.58397362e-03
  2.15902574e-03  2.38059705e-03 -5.86871875e-04 -6.12044956e-04
  7.94759648e-06  1.20271375e-05 -9.00077937e-05 -8.35724496e-05]

43
[ 3.39436390e-01  3.27230196e-01 -2.41563379e-01 -2.16367578e-01
 -1.69006288e-01 -1.64327480e-01 -1.16967623e-01 -9.17727499e-02
 -3.42347676e-01 -3.40100067e-01 -3.35656397e-01 -3.35076438e-01
 -3.32779657e-01 -3.32816228e-01 -3.33338245e-01 -3.33330142e-01
 -3.33249929e-01 -3.33237171e-01  9.01408501e-03  6.76662824e-03
  2.32297360e-03  1.74302807e-03 -5.17108283e-04 -5.53677955e-04
 -9.61622991e-05 -8.34042386e-05 -3.19239078e-06  4.91022568e-06]
44
[ 3.39383305e-01  3.27283317e-01 -2.39944879e-01 -2.16275162e-01
 -1.68901530e-01 -1.64432212e-01 -1.17059934e-01 -9.33910520e-02
 -3.42239748e-01 -3.40085186e-01 -3.35641519e-01 -3.35102190e-01
 -3.32778452e-01 -3.32814501e-01 -3.33339125e-01 -3.33330798e-01
 -3.33250184e-01 -3.33237392e-01  8.90618016e-03  6.75175367e-03
  2.30809883e-03  1.76878372e-03 -5.18834628e-04 -5.54882630e-04
 -9.59411976e-05 -8.31492147e-05 -2.53696042e-06  5.79066160e-06]
45
[ 3.39355178e-01  3.27311476e-01 -2.38467463e-01 -2.16122222e-01
 -1.68810958e-01 -1.64522763e-01 -1.17212780e-01 -9.48682986e-02
 -3.42145805e-01 -3.40068995e-01 -3.35629724e-01 -3.35125512e-01
 -3.32777146e-01 -3.32812724e-01 -3.33339954e-01 -3.33331435e-01
 -3.33250428e-01 -3.33237612e-01  8.81225603e-03  6.73556790e-03
  2.29630778e-03  1.79210874e-03 -5.20611092e-04 -5.56189532e-04
 -9.57213531e-05 -8.29048216e-05 -1.89909882e-06  6.61903035e-06]
46
[ 3.39349294e-01  3.27317389e-01 -2.37104851e-01 -2.15922223e-01
 -1.68732863e-01 -1.64600839e-01 -1.17412696e-01 -9.62307644e-02
 -3.42062916e-01 -3.40052097e-01 -3.35620370e-01 -3.35146914e-01
 -3.32775716e-01 -3.32810915e-01 -3.33340740e-01 -3.33332045e-01
 -3.33250657e-01 -3.33237834e-01  8.72938219e-03  6.71867404e-03
  2.28695674e-03  1.81351282e-03 -5.22420179e-04 -5.57618687e-04
 -9.54990979e-05 -8.26765492e-05 -1.28911369e-06  7.40547570e-06]
47
[ 3.39364324e-01  3.27302383e-01 -9.74995003e-02 -1.17647129e-01
 -2.35835989e-01 -2.15687713e-01 -1.68665146e-01 -1.64668539e-01
 -3.41989152e-01 -3.40034799e-01 -3.35613036e-01 -3.35166730e-01
 -3.32774188e-01 -3.32809055e-01 -3.33341489e-01 -3.33332623e-01
 -3.33250868e-01 -3.33238060e-01  8.65563173e-03  6.70138027e-03
  2.27962518e-03  1.83333106e-03 -5.24280107e-04 -5.59147350e-04
 -9.52729858e-05 -8.24649745e-05 -7.11158196e-07  8.15449575e-06]
48
[ 3.39400117e-01  3.27266613e-01 -9.86925734e-02 -1.17902953e-01
 -2.34642803e-01 -2.15431822e-01 -1.68603582e-01 -1.64730089e-01
 -3.41923340e-01 -3.40017177e-01 -3.35607537e-01 -3.35185109e-01
 -3.32772601e-01 -3.32807122e-01 -3.33342177e-01 -3.33333191e-01
 -3.33251070e-01 -3.33238269e-01  8.58983141e-03  6.68376171e-03
  2.27412828e-03  1.85171216e-03 -5.26213207e-04 -5.60733996e-04
 -9.50644593e-05 -8.22634954e-05 -1.43210077e-07  8.84301474e-06]
49
[ 3.39455751e-01  3.27210998e-01 -9.98177341e-02 -1.18177109e-01
 -2.33517544e-01 -2.15157605e-01 -1.68549003e-01 -1.64784655e-01
 -3.41864085e-01 -3.39999739e-01 -3.35603469e-01 -3.35202354e-01
 -3.32770958e-01 -3.32805096e-01 -3.33342807e-01 -3.33333746e-01
 -3.33251253e-01 -3.33238481e-01  8.53058640e-03  6.66632657e-03
  2.27006255e-03  1.86895850e-03 -5.28238655e-04 -5.62376964e-04
 -9.48526664e-05 -8.20798871e-05  4.12171647e-07  9.47266978e-06]

168
[ 3.73609628e-01  2.93060504e-01  1.42918243e-01 -4.76239771e-01
 -1.41553232e-01 -1.50601967e-01 -1.91779572e-01 -1.82730984e-01
  5.51011912e-03  4.58726138e-03 -4.08237030e-03 -7.49874656e-04
 -4.79389913e-04 -3.52562440e-04  7.60537210e-05  5.67833130e-06
 -7.09336294e-05 -8.50571253e-05 -3.29250511e-01 -3.38843419e-01
 -3.37920546e-01 -3.32583412e-01 -3.32853942e-01 -3.32980735e-01
 -3.33409365e-01 -3.33339010e-01 -3.33248276e-01 -3.33262398e-01]
169
[ 3.84834717e-01  2.81836867e-01  4.92132795e-01  1.74546406e-01
 -1.42585524e-01 -1.48809437e-01 -1.90747307e-01 -1.84523461e-01
 -3.38730121e-01 -3.38104284e-01 -3.30239221e-01 -3.32392550e-01
 -3.32860889e-01 -3.32915121e-01 -3.33383578e-01 -3.33341443e-01
 -3.33248696e-01 -3.33258021e-01  5.39682385e-03  4.77099977e-03
 -3.09377169e-03 -9.40692667e-04 -4.72442132e-04 -4.18188634e-04
  5.02581828e-05  8.11213062e-06 -7.53108147e-05 -8.46364034e-05]
170
[ 3.93612538e-01  2.73059340e-01  4.74375507e-01  1.92301892e-01
 -1.47525570e-01 -1.42908207e-01 -1.90424719e-01 -1.85807372e-01
 -3.38670746e-01 -3.38215330e-01 -3.30692565e-01 -3.32245016e-01
 -3.32866475e-01 -3.32893849e-01 -3.33374577e-01 -3.33343161e-01
 -3.33248990e-01 -3.33256238e-01  5.33744314e-03  4.88203675e-03
 -2.64051388e-03 -1.08821836e-03 -4.66855818e-04 -4.39468717e-04
  9.83055294e-06  4.12541484e-05 -7.70943033e-05 -8.43431658e-05]
171
[ 4.00273001e-01  4.64097451e-01  2.66398681e-01  2.02578146e-01
 -1.46518698e-01 -1.42889181e-01 -1.90443825e-01 -1.86814298e-01
 -3.38640483e-01 -3.38291212e-01 -3.30941897e-01 -3.32143637e-01
 -3.32870932e-01 -3.32885028e-01 -3.33370166e-01 -3.33344344e-01
 -3.33249201e-01 -3.33255307e-01  5.30717487e-03  4.95791083e-03
 -2.39123688e-03 -1.18960136e-03 -4.62398678e-04 -4.48294607e-04
  1.10134455e-05  3.68406245e-05 -7.80259605e-05 -8.41317585e-05]
172
[ 4.05441005e-01  2.61230343e-01  2.08877736e-01  4.57796460e-01
 -1.45667472e-01 -1.42692738e-01 -1.90640329e-01 -1.87665571e-01
 -3.38626723e-01 -3.38349005e-01 -3.31097245e-01 -3.32072940e-01
 -3.32880689e-01 -3.32874475e-01 -3.33367464e-01 -3.33345147e-01
 -3.33249373e-01 -3.33254722e-01  5.29340926e-03  5.01569857e-03
 -2.23592362e-03 -1.26030474e-03 -4.58854948e-04 -4.52635280e-04
  1.18174500e-05  3.41379248e-05 -7.86112949e-05 -8.39595249e-05]
173
[ 4.09592584e-01  4.53743647e-01  2.57078419e-01  2.12929498e-01
 -1.44910496e-01 -1.42396735e-01 -1.90936377e-01 -1.88422584e-01
 -3.38623039e-01 -3.38396725e-01 -3.31202722e-01 -3.32021691e-01
 -3.32878546e-01 -3.32877097e-01 -3.33365534e-01 -3.33345679e-01
 -3.33249521e-01 -3.33254309e-01  5.28972174e-03  5.06341314e-03
 -2.13047185e-03 -1.31156083e-03 -4.56233042e-04 -4.54779677e-04
  1.23486579e-05  3.22076161e-05 -7.90239322e-05 -8.38117284e-05]
174
[ 2.53626577e-01  2.15622238e-01  4.13044109e-01  4.51050111e-01
 -1.44215120e-01 -1.42041981e-01 -1.91291166e-01 -1.89117990e-01
 -3.38625943e-01 -3.38438381e-01 -3.31278994e-01 -3.31983068e-01
 -3.32876742e-01 -3.32879832e-01 -3.33364005e-01 -3.33346010e-01
 -3.33249648e-01 -3.33253997e-01  5.10506583e-03  5.29262242e-03
 -2.05421671e-03 -1.35018913e-03 -4.56585691e-04 -4.53497864e-04
  1.26801637e-05  3.06781142e-05 -7.93359872e-05 -8.36850929e-05]

118
[ 3.52107543e-01  3.14559410e-01 -2.16728776e-01 -2.11837947e-01
 -1.73713570e-01 -1.59620221e-01 -1.21496291e-01 -1.16605029e-01
 -3.41736796e-01 -3.40117612e-01 -3.35772015e-01 -3.35559938e-01
 -3.32733527e-01 -3.32715499e-01 -3.33343910e-01 -3.33341295e-01
 -3.33248753e-01 -3.33243532e-01  8.40339225e-03  6.78423956e-03
  2.43862281e-03  2.22655479e-03 -5.99806125e-04 -6.17834850e-04
  7.96184706e-06  1.05772303e-05 -8.98008657e-05 -8.45801307e-05]
119
[ 3.51226277e-01  3.15440675e-01 -2.16111022e-01 -2.12302543e-01
 -1.73233302e-01 -1.60100476e-01 -1.21031704e-01 -1.17222807e-01
 -3.41703432e-01 -3.40075251e-01 -3.35761870e-01 -3.35548555e-01
 -3.32735505e-01 -3.32716252e-01 -3.33344157e-01 -3.33341333e-01
 -3.33248935e-01 -3.33243515e-01  8.37002665e-03  6.74187842e-03
  2.21517203e-03  2.42847743e-03 -5.97828891e-04 -6.17082270e-04
 -8.98175455e-05 -8.43976978e-05  7.99975529e-06  1.08236524e-05]
120
[ 3.50386249e-01  3.16280702e-01 -2.12743429e-01 -2.15581101e-01
 -1.60575213e-01 -1.72758552e-01 -1.20590818e-01 -1.17752763e-01
 -3.41672489e-01 -3.40036383e-01 -3.35751857e-01 -3.35537222e-01
 -3.32737489e-01 -3.32717154e-01 -3.33344396e-01 -3.33341364e-01
 -3.33249108e-01 -3.33243496e-01  8.33908288e-03  6.70301021e-03
  2.20383917e-03  2.41846392e-03 -5.95845159e-04 -6.16179673e-04
 -8.98367340e-05 -8.42248140e-05  8.03043927e-06  1.10628139e-05]
121
[ 3.49589979e-01  3.17076969e-01 -2.13121048e-01 -2.15178229e-01
 -1.61047805e-01 -1.72285947e-01 -1.20213171e-01 -1.18155697e-01
 -3.41643750e-01 -3.40001121e-01 -3.35742028e-01 -3.35525931e-01
 -3.32739557e-01 -3.32718129e-01 -3.33344639e-01 -3.33341374e-01
 -3.33249273e-01 -3.33243473e-01  8.31034170e-03  6.66774800e-03
  2.19254823e-03  2.40863496e-03 -5.93776388e-04 -6.15204727e-04
 -8.98597807e-05 -8.40594889e-05  8.04091383e-06  1.13057556e-05]
122
[ 3.48846466e-01  3.17820480e-01 -1.61531091e-01 -1.71802649e-01
 -1.19989301e-01 -1.18340915e-01 -2.13344831e-01 -2.14993135e-01
 -3.41616283e-01 -3.39970092e-01 -3.35732456e-01 -3.35514653e-01
 -3.32741833e-01 -3.32719051e-01 -3.33341349e-01 -3.33344896e-01
 -3.33249452e-01 -3.33243421e-01  8.28287400e-03  6.63671887e-03
  2.18127005e-03  2.39906286e-03 -5.91501158e-04 -6.14282481e-04
 -8.99116651e-05 -8.38804255e-05  8.01616265e-06  1.15630264e-05]
123
[ 3.48139035e-01  3.18527909e-01 -2.13315389e-01 -2.15119065e-01
 -1.61998067e-01 -1.71335656e-01 -1.20018636e-01 -1.18215132e-01
 -3.41591739e-01 -3.39941993e-01 -3.35723093e-01 -3.35503487e-01
 -3.32744072e-01 -3.32720173e-01 -3.33341333e-01 -3.33345123e-01
 -3.33249603e-01 -3.33243385e-01  8.25832837e-03  6.60861966e-03
  2.17010433e-03  2.38970006e-03 -5.89261896e-04 -6.13160771e-04
 -8.99483257e-05 -8.37295868e-05  7.99950958e-06  1.17897069e-05]
124
[ 3.47477625e-01  3.19189317e-01 -2.13117521e-01 -2.15473916e-01
 -1.62463074e-01 -1.70870634e-01 -1.17860373e-01 -1.20216452e-01
 -3.41569355e-01 -3.39917347e-01 -3.35713990e-01 -3.35492409e-01
 -3.32746462e-01 -3.32721289e-01 -3.33341281e-01 -3.33345360e-01
 -3.33249760e-01 -3.33243325e-01  8.23594320e-03  6.58397362e-03
  2.15902574e-03  2.38059705e-03 -5.86871875e-04 -6.12044956e-04
 -9.00077937e-05 -8.35724496e-05  7.94759649e-06  1.20271375e-05]

193
[ 4.47783634e-01  4.43131681e-01  2.23536951e-01  2.18885091e-01
 -1.97566917e-01 -1.97888427e-01 -1.35444857e-01 -1.35766356e-01
 -3.38909218e-01 -3.38921829e-01 -3.31791668e-01 -3.31703900e-01
 -3.32878964e-01 -3.32886525e-01 -3.33346318e-01 -3.33349372e-01
 -3.33251218e-01 -3.33250962e-01  5.58849616e-03  5.57588645e-03
 -1.62938427e-03 -1.54161946e-03 -4.46804936e-04 -4.54366357e-04
  1.60422473e-05  1.29886450e-05 -8.23711636e-05 -8.21152158e-05]
194
[ 4.47735729e-01  4.43884966e-01  2.22783649e-01  2.18932962e-01
 -1.97763672e-01 -1.98031336e-01 -1.35301948e-01 -1.35569604e-01
 -3.38920385e-01 -3.38930725e-01 -3.31786557e-01 -3.31713913e-01
 -3.32879588e-01 -3.32885948e-01 -3.33346434e-01 -3.33348981e-01
 -3.33251174e-01 -3.33250964e-01  5.59739194e-03  5.58705367e-03
 -1.61937194e-03 -1.54673097e-03 -4.47382101e-04 -4.53742020e-04
  1.56512465e-05  1.31043562e-05 -8.23695553e-05 -8.21594659e-05]
195
[ 4.47633326e-01  4.44568448e-01  2.22100155e-01  2.19035335e-01
 -1.97930242e-01 -1.98144361e-01 -1.35188924e-01 -1.35403035e-01
 -3.38929761e-01 -3.38937938e-01 -3.31781155e-01 -3.31723364e-01
 -3.32880170e-01 -3.32885394e-01 -3.33346571e-01 -3.33348619e-01
 -3.33251137e-01 -3.33250962e-01  5.60460526e-03  5.59642906e-03
 -1.60992118e-03 -1.55213279e-03 -4.47936774e-04 -4.53160591e-04
  1.52892461e-05  1.32415325e-05 -8.23707726e-05 -8.21962376e-05]
196
[ 4.47471500e-01  4.45184341e-01  2.21484253e-01  2.19197137e-01
 -1.98066082e-01 -1.98227336e-01 -1.35105948e-01 -1.35267198e-01
 -3.38937390e-01 -3.38943333e-01 -3.31775423e-01 -3.31732272e-01
 -3.32880847e-01 -3.32884734e-01 -3.33346739e-01 -3.33348277e-01
 -3.33251096e-01 -3.33250972e-01  5.61000011e-03  5.60405764e-03
 -1.60101414e-03 -1.55786508e-03 -4.48595928e-04 -4.52482938e-04
  1.49477251e-05  1.34095441e-05 -8.23615096e-05 -8.22369142e-05]
197
[ 4.47250182e-01  4.45731258e-01  2.20937332e-01  2.19418436e-01
 -1.98171152e-01 -1.98279098e-01 -1.35054186e-01 -1.35162128e-01
 -3.38943111e-01 -3.38946968e-01 -3.31769322e-01 -3.31740656e-01
 -3.32881532e-01 -3.32884061e-01 -3.33346934e-01 -3.33347960e-01
 -3.33251060e-01 -3.33250985e-01  5.61363602e-03  5.60977923e-03
 -1.59263109e-03 -1.56396564e-03 -4.49268967e-04 -4.51797884e-04
  1.46301096e-05  1.36044134e-05 -8.23479772e-05 -8.22728780e-05]
198
[ 4.46967471e-01  4.46209792e-01  2.20458798e-01  2.19701134e-01
 -1.98245192e-01 -1.98299284e-01 -1.35034000e-01 -1.35088090e-01
 -3.38946903e-01 -3.38948808e-01 -3.31762828e-01 -3.31748526e-01
 -3.32882180e-01 -3.32883424e-01 -3.33347153e-01 -3.33347667e-01
 -3.33251034e-01 -3.33251000e-01  5.61547571e-03  5.61357065e-03
 -1.58476085e-03 -1.57046001e-03 -4.51150222e-04 -4.49906776e-04
  1.43378385e-05  1.38234224e-05 -8.23334051e-05 -8.22990717e-05]
199
[ 2.20047297e-01  2.20047297e-01  4.46621298e-01  4.46621298e-01
 -1.35045335e-01 -1.35045335e-01 -1.98287948e-01 -1.98287948e-01
  5.61546320e-03  5.61546320e-03 -3.38948795e-01 -3.38948795e-01
 -3.31755907e-01 -3.31755907e-01 -3.32882804e-01 -3.32882804e-01
 -3.33347398e-01 -3.33347398e-01 -3.33251015e-01 -3.33251015e-01
 -1.57738055e-03 -1.57738055e-03 -4.50526390e-04 -4.50526390e-04
  1.40682679e-05  1.40682679e-05 -8.23180225e-05 -8.23180225e-05]

143
[ 3.40194243e-01  3.26472590e-01 -2.27769039e-01 -2.13438019e-01
 -1.05565839e-01 -1.19896408e-01 -1.68271942e-01 -1.65061675e-01
 -3.41610676e-01 -3.39906245e-01 -3.35600893e-01 -3.35288676e-01
 -3.32759502e-01 -3.32791865e-01 -3.33345566e-01 -3.33336645e-01
 -3.33251960e-01 -3.33239745e-01  8.27721671e-03  6.57284837e-03
  2.26749416e-03  1.95528706e-03 -5.41469036e-04 -5.73832562e-04
 -9.35883116e-05 -8.13733182e-05  3.31065393e-06  1.22322001e-05]
144
[ 3.40023991e-01  3.26642830e-01 -2.28634238e-01 -2.13712119e-01
 -1.19622348e-01 -1.04700691e-01 -1.68320046e-01 -1.65013575e-01
 -3.41643094e-01 -3.39919812e-01 -3.35599263e-01 -3.35275903e-01
 -3.32761580e-01 -3.32794165e-01 -3.33345235e-01 -3.33336202e-01
 -3.33251895e-01 -3.33239534e-01  8.30962969e-03  6.58641305e-03
  2.26586316e-03  1.94251345e-03 -5.39169379e-04 -5.71754614e-04
 -9.37993543e-05 -8.14382633e-05  2.86848545e-06  1.19013601e-05]
145
[ 3.39872872e-01  3.26793937e-01 -2.29530827e-01 -2.13996484e-01
 -1.19338027e-01 -1.03804156e-01 -1.68366318e-01 -1.64967308e-01
 -3.41678970e-01 -3.39934344e-01 -3.35598331e-01 -3.35262595e-01
 -3.32763602e-01 -3.32796430e-01 -3.33344846e-01 -3.33335751e-01
 -3.33251805e-01 -3.33239324e-01  8.34550084e-03  6.60094228e-03
  2.26493041e-03  1.92920490e-03 -5.36904929e-04 -5.69732794e-04
 -9.40091859e-05 -8.15278949e-05  2.41703327e-06  1.15119810e-05]
146
[ 3.39740236e-01  3.26926560e-01 -2.30462639e-01 -2.14287293e-01
 -1.19047264e-01 -1.02872406e-01 -1.68410668e-01 -1.64922964e-01
 -3.41718600e-01 -3.39949734e-01 -3.35598192e-01 -3.35248657e-01
 -3.32765551e-01 -3.32798667e-01 -3.33344408e-01 -3.33335281e-01
 -3.33251698e-01 -3.33239109e-01  8.38512417e-03  6.61633016e-03
  2.26479027e-03  1.91526591e-03 -5.34667681e-04 -5.67783973e-04
 -9.42239167e-05 -8.16352471e-05  1.94668370e-06  1.10742654e-05]
147
[ 3.39624492e-01  3.27042290e-01 -2.31435852e-01 -2.14577993e-01
 -1.18756612e-01 -1.01899262e-01 -1.68455645e-01 -1.64877994e-01
 -3.41762132e-01 -3.39966021e-01 -3.35598915e-01 -3.35234027e-01
 -3.32767432e-01 -3.32800852e-01 -3.33343918e-01 -3.33334794e-01
 -3.33251572e-01 -3.33238897e-01  8.42864937e-03  6.63261437e-03
  2.26551164e-03  1.90063425e-03 -5.32482667e-04 -5.65902924e-04
 -9.44367272e-05 -8.17608977e-05  1.45971492e-06  1.05838558e-05]
148
[ 3.39529372e-01  3.27137395e-01 -2.32452426e-01 -2.14868973e-01
 -1.18465684e-01 -1.00882766e-01 -1.68501538e-01 -1.64832110e-01
 -3.41810315e-01 -3.39982835e-01 -3.35600583e-01 -3.35218664e-01
 -3.32769225e-01 -3.32803003e-01 -3.33343388e-01 -3.33334279e-01
 -3.33251421e-01 -3.33238693e-01  8.47682475e-03  6.64942589e-03
  2.26717870e-03  1.88527045e-03 -5.30331553e-04 -5.64109964e-04
 -9.46399457e-05 -8.19116495e-05  9.44586949e-07  1.00538601e-05]
149
[ 3.39455751e-01  3.27210998e-01 -2.33517544e-01 -2.15157605e-01
 -9.98177341e-02 -1.18177109e-01 -1.68549003e-01 -1.64784655e-01
 -3.41864085e-01 -3.39999739e-01 -3.35603469e-01 -3.35202354e-01
 -3.32770958e-01 -3.32805096e-01 -3.33342807e-01 -3.33333746e-01
 -3.33251253e-01 -3.33238481e-01  8.53058640e-03  6.66632657e-03
  2.27006255e-03  1.86895850e-03 -5.28238655e-04 -5.62376964e-04
 -9.48526664e-05 -8.20798871e-05  4.12171649e-07  9.47266978e-06]

18
[ 4.26870006e-01  4.46196015e-01  2.39799460e-01  2.20474003e-01
 -1.93807329e-01 -1.92626714e-01 -1.40706492e-01 -1.39525916e-01
 -3.38706555e-01 -3.38634921e-01 -3.31504723e-01 -3.31868324e-01
 -3.32875511e-01 -3.32886532e-01 -3.33357844e-01 -3.33346081e-01
 -3.33250218e-01 -3.33252860e-01  5.30159657e-03  5.37322530e-03
 -1.82853580e-03 -1.46495234e-03 -4.57817777e-04 -4.46798748e-04
  1.27509484e-05  2.45155152e-05 -8.31155745e-05 -8.04731218e-05]
19
[ 4.25032651e-01  4.46340080e-01  2.41636956e-01  2.20330169e-01
 -1.93379830e-01 -1.92097205e-01 -1.41235989e-01 -1.39953405e-01
 -3.38688981e-01 -3.38605832e-01 -3.31480149e-01 -3.31879760e-01
 -3.32875368e-01 -3.32885974e-01 -3.33358689e-01 -3.33346165e-01
 -3.33250125e-01 -3.33253023e-01  5.27250770e-03  5.35565227e-03
 -1.85310551e-03 -1.45351439e-03 -4.57961434e-04 -4.47356252e-04
  1.28350670e-05  2.53608029e-05 -8.32082672e-05 -8.03098712e-05]
20
[ 4.23064183e-01  4.46646968e-01  2.43605584e-01  2.20023553e-01
 -1.92948913e-01 -1.91548742e-01 -1.41784440e-01 -1.40384311e-01
 -3.38672480e-01 -3.38575625e-01 -3.31452456e-01 -3.31893279e-01
 -3.32875302e-01 -3.32885243e-01 -3.33359582e-01 -3.33346237e-01
 -3.33250037e-01 -3.33253186e-01  5.24230212e-03  5.33915257e-03
 -1.88079298e-03 -1.43999274e-03 -4.58026525e-04 -4.48087323e-04
  1.29068791e-05  2.62535636e-05 -8.32963617e-05 -8.01472184e-05]
21
[ 4.20934786e-01  4.47172460e-01  2.45735166e-01  2.19498387e-01
 -1.42353265e-01 -1.40814580e-01 -1.92518631e-01 -1.90979904e-01
 -3.38657397e-01 -3.38544146e-01 -3.31420565e-01 -3.31909437e-01
 -3.32875352e-01 -3.32884302e-01 -3.33360536e-01 -3.33346280e-01
 -3.33249949e-01 -3.33253355e-01  5.21082477e-03  5.32407084e-03
 -1.91267709e-03 -1.42383198e-03 -4.57976846e-04 -4.49028248e-04
  1.29497244e-05  2.72080067e-05 -8.33841763e-05 -7.99780505e-05]
22
[ 4.18601423e-01  4.47994820e-01  2.48068740e-01  2.18676422e-01
 -1.42944925e-01 -1.41239172e-01 -1.92094023e-01 -1.90388227e-01
 -3.38644176e-01 -3.38511122e-01 -3.31382877e-01 -3.31928987e-01
 -3.32875562e-01 -3.32883113e-01 -3.33361570e-01 -3.33346274e-01
 -3.33249857e-01 -3.33253539e-01  5.17780226e-03  5.31085148e-03
 -1.95035698e-03 -1.40427874e-03 -4.57766459e-04 -4.50217608e-04
  1.29441401e-05  2.82422201e-05 -8.34756517e-05 -7.97942109e-05]
23
[ 4.16001689e-01  4.49228693e-01  2.50668717e-01  2.17443039e-01
 -1.43563417e-01 -1.41651423e-01 -1.91681751e-01 -1.89769716e-01
 -3.38633411e-01 -3.38476108e-01 -3.31336960e-01 -3.31952999e-01
 -3.32875995e-01 -3.32881634e-01 -3.33362711e-01 -3.33346195e-01
 -3.33249758e-01 -3.33253748e-01  5.14279083e-03  5.30008801e-03
 -1.99626433e-03 -1.38026287e-03 -4.57332660e-04 -4.51696311e-04
  1.28650214e-05  2.93836872e-05 -8.35745420e-05 -7.95852317e-05]
24
[ 4.13044109e-01  4.51050111e-01  2.53626577e-01  2.15622238e-01
 -1.44215120e-01 -1.42041981e-01 -1.91291166e-01 -1.89117990e-01
 -3.38625943e-01 -3.38438381e-01 -3.31278994e-01 -3.31983068e-01
 -3.32876742e-01 -3.32879832e-01 -3.33364005e-01 -3.33346010e-01
 -3.33249648e-01 -3.33253997e-01  5.29262242e-03  5.10506583e-03
 -2.05421671e-03 -1.35018913e-03 -4.56585691e-04 -4.53497864e-04
  1.26801637e-05  3.06781142e-05 -8.36850929e-05 -7.93359872e-05]
